{"C:\\Users\\iqles\\OneDrive\\Рабочий стол\\rock star\\frontend-advanced\\config\\jest\\jestEmptyComponent.tsx": {"path":"C:\\Users\\iqles\\OneDrive\\Рабочий стол\\rock star\\frontend-advanced\\config\\jest\\jestEmptyComponent.tsx","statementMap":{"0":{"start":{"line":3,"column":27},"end":{"line":5,"column":1}},"1":{"start":{"line":4,"column":2},"end":{"line":4,"column":17}}},"fnMap":{"0":{"name":"(anonymous_0)","decl":{"start":{"line":3,"column":27},"end":{"line":3,"column":28}},"loc":{"start":{"line":3,"column":39},"end":{"line":5,"column":1}},"line":3}},"branchMap":{},"s":{"0":3,"1":8},"f":{"0":8},"b":{},"_coverageSchema":"1a1c01bbd47fc00a2c39e90264f33305004495a9","hash":"af41576ce5feb9f7f6e15481421b02bf4715feeb"}
,"C:\\Users\\iqles\\OneDrive\\Рабочий стол\\rock star\\frontend-advanced\\src\\app\\providers\\StoreProvider\\index.ts": {"path":"C:\\Users\\iqles\\OneDrive\\Рабочий стол\\rock star\\frontend-advanced\\src\\app\\providers\\StoreProvider\\index.ts","statementMap":{},"fnMap":{},"branchMap":{},"s":{},"f":{},"b":{},"_coverageSchema":"1a1c01bbd47fc00a2c39e90264f33305004495a9","hash":"5aa3ec1ec394d13a4ca9d2c5bef565ac2ae964e9"}
,"C:\\Users\\iqles\\OneDrive\\Рабочий стол\\rock star\\frontend-advanced\\src\\app\\providers\\StoreProvider\\config\\reducerManager.ts": {"path":"C:\\Users\\iqles\\OneDrive\\Рабочий стол\\rock star\\frontend-advanced\\src\\app\\providers\\StoreProvider\\config\\reducerManager.ts","statementMap":{"0":{"start":{"line":17,"column":19},"end":{"line":17,"column":41}},"1":{"start":{"line":19,"column":24},"end":{"line":19,"column":49}},"2":{"start":{"line":21,"column":39},"end":{"line":21,"column":41}},"3":{"start":{"line":23,"column":43},"end":{"line":23,"column":45}},"4":{"start":{"line":25,"column":2},"end":{"line":64,"column":4}},"5":{"start":{"line":27,"column":25},"end":{"line":27,"column":33}},"6":{"start":{"line":28,"column":30},"end":{"line":28,"column":45}},"7":{"start":{"line":30,"column":6},"end":{"line":36,"column":7}},"8":{"start":{"line":31,"column":8},"end":{"line":31,"column":29}},"9":{"start":{"line":32,"column":8},"end":{"line":34,"column":9}},"10":{"start":{"line":33,"column":10},"end":{"line":33,"column":28}},"11":{"start":{"line":35,"column":8},"end":{"line":35,"column":26}},"12":{"start":{"line":38,"column":6},"end":{"line":38,"column":44}},"13":{"start":{"line":42,"column":6},"end":{"line":44,"column":7}},"14":{"start":{"line":43,"column":8},"end":{"line":43,"column":15}},"15":{"start":{"line":46,"column":6},"end":{"line":46,"column":30}},"16":{"start":{"line":47,"column":6},"end":{"line":47,"column":34}},"17":{"start":{"line":49,"column":6},"end":{"line":49,"column":50}},"18":{"start":{"line":53,"column":6},"end":{"line":55,"column":7}},"19":{"start":{"line":54,"column":8},"end":{"line":54,"column":15}},"20":{"start":{"line":57,"column":6},"end":{"line":57,"column":27}},"21":{"start":{"line":58,"column":6},"end":{"line":58,"column":35}},"22":{"start":{"line":60,"column":6},"end":{"line":60,"column":29}},"23":{"start":{"line":62,"column":6},"end":{"line":62,"column":50}}},"fnMap":{"0":{"name":"createReducerManager","decl":{"start":{"line":14,"column":16},"end":{"line":14,"column":36}},"loc":{"start":{"line":16,"column":18},"end":{"line":65,"column":1}},"line":16},"1":{"name":"(anonymous_1)","decl":{"start":{"line":27,"column":19},"end":{"line":27,"column":20}},"loc":{"start":{"line":27,"column":25},"end":{"line":27,"column":33}},"line":27},"2":{"name":"(anonymous_2)","decl":{"start":{"line":28,"column":24},"end":{"line":28,"column":25}},"loc":{"start":{"line":28,"column":30},"end":{"line":28,"column":45}},"line":28},"3":{"name":"(anonymous_3)","decl":{"start":{"line":29,"column":12},"end":{"line":29,"column":13}},"loc":{"start":{"line":29,"column":55},"end":{"line":39,"column":5}},"line":29},"4":{"name":"(anonymous_4)","decl":{"start":{"line":41,"column":9},"end":{"line":41,"column":10}},"loc":{"start":{"line":41,"column":52},"end":{"line":50,"column":5}},"line":41},"5":{"name":"(anonymous_5)","decl":{"start":{"line":52,"column":12},"end":{"line":52,"column":13}},"loc":{"start":{"line":52,"column":37},"end":{"line":63,"column":5}},"line":52}},"branchMap":{"0":{"loc":{"start":{"line":30,"column":6},"end":{"line":36,"column":7}},"type":"if","locations":[{"start":{"line":30,"column":6},"end":{"line":36,"column":7}},{"start":{},"end":{}}],"line":30},"1":{"loc":{"start":{"line":42,"column":6},"end":{"line":44,"column":7}},"type":"if","locations":[{"start":{"line":42,"column":6},"end":{"line":44,"column":7}},{"start":{},"end":{}}],"line":42},"2":{"loc":{"start":{"line":42,"column":10},"end":{"line":42,"column":31}},"type":"binary-expr","locations":[{"start":{"line":42,"column":10},"end":{"line":42,"column":14}},{"start":{"line":42,"column":18},"end":{"line":42,"column":31}}],"line":42},"3":{"loc":{"start":{"line":53,"column":6},"end":{"line":55,"column":7}},"type":"if","locations":[{"start":{"line":53,"column":6},"end":{"line":55,"column":7}},{"start":{},"end":{}}],"line":53},"4":{"loc":{"start":{"line":53,"column":10},"end":{"line":53,"column":32}},"type":"binary-expr","locations":[{"start":{"line":53,"column":10},"end":{"line":53,"column":14}},{"start":{"line":53,"column":18},"end":{"line":53,"column":32}}],"line":53}},"s":{"0":9,"1":9,"2":9,"3":9,"4":9,"5":0,"6":4,"7":57,"8":0,"9":0,"10":0,"11":0,"12":57,"13":8,"14":8,"15":0,"16":0,"17":0,"18":0,"19":0,"20":0,"21":0,"22":0,"23":0},"f":{"0":9,"1":0,"2":4,"3":57,"4":8,"5":0},"b":{"0":[0,57],"1":[8,0],"2":[8,8],"3":[0,0],"4":[0,0]},"_coverageSchema":"1a1c01bbd47fc00a2c39e90264f33305004495a9","hash":"b6cc99d4c393bda1e18c70fd9fd8701dddf5c0a8"}
,"C:\\Users\\iqles\\OneDrive\\Рабочий стол\\rock star\\frontend-advanced\\src\\app\\providers\\StoreProvider\\config\\store.ts": {"path":"C:\\Users\\iqles\\OneDrive\\Рабочий стол\\rock star\\frontend-advanced\\src\\app\\providers\\StoreProvider\\config\\store.ts","statementMap":{"0":{"start":{"line":20,"column":55},"end":{"line":27,"column":3}},"1":{"start":{"line":29,"column":25},"end":{"line":29,"column":59}},"2":{"start":{"line":31,"column":34},"end":{"line":33,"column":3}},"3":{"start":{"line":35,"column":16},"end":{"line":45,"column":4}},"4":{"start":{"line":40,"column":6},"end":{"line":44,"column":34}},"5":{"start":{"line":48,"column":2},"end":{"line":48,"column":40}},"6":{"start":{"line":50,"column":2},"end":{"line":50,"column":15}}},"fnMap":{"0":{"name":"createReduxStore","decl":{"start":{"line":16,"column":16},"end":{"line":16,"column":32}},"loc":{"start":{"line":19,"column":2},"end":{"line":51,"column":1}},"line":19},"1":{"name":"(anonymous_1)","decl":{"start":{"line":39,"column":16},"end":{"line":39,"column":17}},"loc":{"start":{"line":40,"column":6},"end":{"line":44,"column":34}},"line":40}},"branchMap":{},"s":{"0":9,"1":9,"2":9,"3":9,"4":9,"5":9,"6":9},"f":{"0":9,"1":9},"b":{},"_coverageSchema":"1a1c01bbd47fc00a2c39e90264f33305004495a9","hash":"c254f6f27d0114686357df6393aeabab7be065dc"}
,"C:\\Users\\iqles\\OneDrive\\Рабочий стол\\rock star\\frontend-advanced\\src\\app\\providers\\StoreProvider\\ui\\StoreProvider.tsx": {"path":"C:\\Users\\iqles\\OneDrive\\Рабочий стол\\rock star\\frontend-advanced\\src\\app\\providers\\StoreProvider\\ui\\StoreProvider.tsx","statementMap":{"0":{"start":{"line":14,"column":59},"end":{"line":23,"column":1}},"1":{"start":{"line":15,"column":52},"end":{"line":15,"column":57}},"2":{"start":{"line":17,"column":16},"end":{"line":20,"column":3}},"3":{"start":{"line":22,"column":2},"end":{"line":22,"column":55}}},"fnMap":{"0":{"name":"(anonymous_0)","decl":{"start":{"line":14,"column":59},"end":{"line":14,"column":60}},"loc":{"start":{"line":14,"column":70},"end":{"line":23,"column":1}},"line":14}},"branchMap":{},"s":{"0":3,"1":10,"2":9,"3":9},"f":{"0":10},"b":{},"_coverageSchema":"1a1c01bbd47fc00a2c39e90264f33305004495a9","hash":"dd94a7b78568106d11365b05c4b6e39a47e69965"}
,"C:\\Users\\iqles\\OneDrive\\Рабочий стол\\rock star\\frontend-advanced\\src\\app\\providers\\ThemeProvider\\index.ts": {"path":"C:\\Users\\iqles\\OneDrive\\Рабочий стол\\rock star\\frontend-advanced\\src\\app\\providers\\ThemeProvider\\index.ts","statementMap":{},"fnMap":{},"branchMap":{},"s":{},"f":{},"b":{},"_coverageSchema":"1a1c01bbd47fc00a2c39e90264f33305004495a9","hash":"e9f02907cc80e984bd8284aca79cfb5aeaa26694"}
,"C:\\Users\\iqles\\OneDrive\\Рабочий стол\\rock star\\frontend-advanced\\src\\app\\providers\\ThemeProvider\\lib\\ThemeContext.ts": {"path":"C:\\Users\\iqles\\OneDrive\\Рабочий стол\\rock star\\frontend-advanced\\src\\app\\providers\\ThemeProvider\\lib\\ThemeContext.ts","statementMap":{"0":{"start":{"line":14,"column":28},"end":{"line":14,"column":64}},"1":{"start":{"line":16,"column":39},"end":{"line":16,"column":46}}},"fnMap":{},"branchMap":{},"s":{"0":1,"1":1},"f":{},"b":{},"_coverageSchema":"1a1c01bbd47fc00a2c39e90264f33305004495a9","hash":"dfeef4e8d1ef4f32495038c36154cf61a708b5d5"}
,"C:\\Users\\iqles\\OneDrive\\Рабочий стол\\rock star\\frontend-advanced\\src\\app\\providers\\ThemeProvider\\lib\\useTheme.ts": {"path":"C:\\Users\\iqles\\OneDrive\\Рабочий стол\\rock star\\frontend-advanced\\src\\app\\providers\\ThemeProvider\\lib\\useTheme.ts","statementMap":{"0":{"start":{"line":9,"column":30},"end":{"line":9,"column":54}},"1":{"start":{"line":10,"column":22},"end":{"line":28,"column":3}},"2":{"start":{"line":12,"column":4},"end":{"line":25,"column":5}},"3":{"start":{"line":14,"column":8},"end":{"line":14,"column":30}},"4":{"start":{"line":15,"column":8},"end":{"line":15,"column":14}},"5":{"start":{"line":17,"column":8},"end":{"line":17,"column":31}},"6":{"start":{"line":18,"column":8},"end":{"line":18,"column":14}},"7":{"start":{"line":20,"column":8},"end":{"line":20,"column":30}},"8":{"start":{"line":21,"column":8},"end":{"line":21,"column":14}},"9":{"start":{"line":23,"column":8},"end":{"line":23,"column":30}},"10":{"start":{"line":24,"column":8},"end":{"line":24,"column":14}},"11":{"start":{"line":26,"column":4},"end":{"line":26,"column":25}},"12":{"start":{"line":27,"column":4},"end":{"line":27,"column":60}},"13":{"start":{"line":29,"column":2},"end":{"line":32,"column":4}}},"fnMap":{"0":{"name":"useTheme","decl":{"start":{"line":8,"column":16},"end":{"line":8,"column":24}},"loc":{"start":{"line":8,"column":43},"end":{"line":33,"column":1}},"line":8},"1":{"name":"(anonymous_1)","decl":{"start":{"line":10,"column":22},"end":{"line":10,"column":23}},"loc":{"start":{"line":10,"column":28},"end":{"line":28,"column":3}},"line":10}},"branchMap":{"0":{"loc":{"start":{"line":12,"column":4},"end":{"line":25,"column":5}},"type":"switch","locations":[{"start":{"line":13,"column":6},"end":{"line":15,"column":14}},{"start":{"line":16,"column":6},"end":{"line":18,"column":14}},{"start":{"line":19,"column":6},"end":{"line":21,"column":14}},{"start":{"line":22,"column":6},"end":{"line":24,"column":14}}],"line":12},"1":{"loc":{"start":{"line":30,"column":11},"end":{"line":30,"column":31}},"type":"binary-expr","locations":[{"start":{"line":30,"column":11},"end":{"line":30,"column":16}},{"start":{"line":30,"column":20},"end":{"line":30,"column":31}}],"line":30}},"s":{"0":2,"1":2,"2":0,"3":0,"4":0,"5":0,"6":0,"7":0,"8":0,"9":0,"10":0,"11":0,"12":0,"13":2},"f":{"0":2,"1":0},"b":{"0":[0,0,0,0],"1":[2,2]},"_coverageSchema":"1a1c01bbd47fc00a2c39e90264f33305004495a9","hash":"259a507fdb6bacba4562d1ebd880ffed417adca4"}
,"C:\\Users\\iqles\\OneDrive\\Рабочий стол\\rock star\\frontend-advanced\\src\\app\\providers\\ThemeProvider\\ui\\ThemeProvider.tsx": {"path":"C:\\Users\\iqles\\OneDrive\\Рабочий стол\\rock star\\frontend-advanced\\src\\app\\providers\\ThemeProvider\\ui\\ThemeProvider.tsx","statementMap":{"0":{"start":{"line":9,"column":2},"end":{"line":9,"column":73}},"1":{"start":{"line":15,"column":29},"end":{"line":28,"column":1}},"2":{"start":{"line":16,"column":23},"end":{"line":16,"column":28}},"3":{"start":{"line":17,"column":28},"end":{"line":17,"column":57}},"4":{"start":{"line":19,"column":23},"end":{"line":22,"column":3}},"5":{"start":{"line":20,"column":11},"end":{"line":20,"column":47}},"6":{"start":{"line":23,"column":2},"end":{"line":27,"column":4}}},"fnMap":{"0":{"name":"(anonymous_0)","decl":{"start":{"line":15,"column":29},"end":{"line":15,"column":30}},"loc":{"start":{"line":15,"column":60},"end":{"line":28,"column":1}},"line":15},"1":{"name":"(anonymous_1)","decl":{"start":{"line":20,"column":4},"end":{"line":20,"column":5}},"loc":{"start":{"line":20,"column":11},"end":{"line":20,"column":47}},"line":20}},"branchMap":{"0":{"loc":{"start":{"line":9,"column":2},"end":{"line":9,"column":73}},"type":"binary-expr","locations":[{"start":{"line":9,"column":3},"end":{"line":9,"column":57}},{"start":{"line":9,"column":62},"end":{"line":9,"column":73}}],"line":9}},"s":{"0":1,"1":1,"2":0,"3":0,"4":0,"5":0,"6":0},"f":{"0":0,"1":0},"b":{"0":[1,1]},"_coverageSchema":"1a1c01bbd47fc00a2c39e90264f33305004495a9","hash":"a7f835535de7166e127ad4867ecb3a1a6cd71e99"}
,"C:\\Users\\iqles\\OneDrive\\Рабочий стол\\rock star\\frontend-advanced\\src\\app\\providers\\ThemeProvider\\ui\\ThemeProviderDecorator.tsx": {"path":"C:\\Users\\iqles\\OneDrive\\Рабочий стол\\rock star\\frontend-advanced\\src\\app\\providers\\ThemeProvider\\ui\\ThemeProviderDecorator.tsx","statementMap":{"0":{"start":{"line":10,"column":57},"end":{"line":33,"column":1}},"1":{"start":{"line":14,"column":28},"end":{"line":14,"column":50}},"2":{"start":{"line":16,"column":22},"end":{"line":18,"column":3}},"3":{"start":{"line":17,"column":4},"end":{"line":17,"column":63}},"4":{"start":{"line":20,"column":23},"end":{"line":26,"column":3}},"5":{"start":{"line":21,"column":11},"end":{"line":24,"column":5}},"6":{"start":{"line":28,"column":2},"end":{"line":32,"column":4}}},"fnMap":{"0":{"name":"(anonymous_0)","decl":{"start":{"line":10,"column":57},"end":{"line":10,"column":58}},"loc":{"start":{"line":13,"column":6},"end":{"line":33,"column":1}},"line":13},"1":{"name":"(anonymous_1)","decl":{"start":{"line":16,"column":22},"end":{"line":16,"column":23}},"loc":{"start":{"line":16,"column":28},"end":{"line":18,"column":3}},"line":16},"2":{"name":"(anonymous_2)","decl":{"start":{"line":21,"column":4},"end":{"line":21,"column":5}},"loc":{"start":{"line":21,"column":11},"end":{"line":24,"column":5}},"line":21}},"branchMap":{"0":{"loc":{"start":{"line":17,"column":13},"end":{"line":17,"column":61}},"type":"cond-expr","locations":[{"start":{"line":17,"column":37},"end":{"line":17,"column":47}},{"start":{"line":17,"column":50},"end":{"line":17,"column":61}}],"line":17}},"s":{"0":1,"1":0,"2":0,"3":0,"4":0,"5":0,"6":0},"f":{"0":0,"1":0,"2":0},"b":{"0":[0,0]},"_coverageSchema":"1a1c01bbd47fc00a2c39e90264f33305004495a9","hash":"d94c888f84f33961aa769ea55b7f85aa9b9790f1"}
,"C:\\Users\\iqles\\OneDrive\\Рабочий стол\\rock star\\frontend-advanced\\src\\entities\\Article\\index.ts": {"path":"C:\\Users\\iqles\\OneDrive\\Рабочий стол\\rock star\\frontend-advanced\\src\\entities\\Article\\index.ts","statementMap":{},"fnMap":{},"branchMap":{},"s":{},"f":{},"b":{},"_coverageSchema":"1a1c01bbd47fc00a2c39e90264f33305004495a9","hash":"2084700a4b1ed6d4cd59d89c540a126608b967ae"}
,"C:\\Users\\iqles\\OneDrive\\Рабочий стол\\rock star\\frontend-advanced\\src\\entities\\Article\\model\\consts\\consts.ts": {"path":"C:\\Users\\iqles\\OneDrive\\Рабочий стол\\rock star\\frontend-advanced\\src\\entities\\Article\\model\\consts\\consts.ts","statementMap":{},"fnMap":{},"branchMap":{},"s":{},"f":{},"b":{},"_coverageSchema":"1a1c01bbd47fc00a2c39e90264f33305004495a9","hash":"ac08ceefea3196661837190a71fea3023ad9e344"}
,"C:\\Users\\iqles\\OneDrive\\Рабочий стол\\rock star\\frontend-advanced\\src\\entities\\Article\\model\\selectors\\articleDetails.ts": {"path":"C:\\Users\\iqles\\OneDrive\\Рабочий стол\\rock star\\frontend-advanced\\src\\entities\\Article\\model\\selectors\\articleDetails.ts","statementMap":{"0":{"start":{"line":3,"column":37},"end":{"line":4,"column":28}},"1":{"start":{"line":4,"column":2},"end":{"line":4,"column":28}},"2":{"start":{"line":5,"column":38},"end":{"line":6,"column":29}},"3":{"start":{"line":6,"column":2},"end":{"line":6,"column":29}},"4":{"start":{"line":7,"column":42},"end":{"line":8,"column":42}},"5":{"start":{"line":8,"column":2},"end":{"line":8,"column":42}}},"fnMap":{"0":{"name":"(anonymous_0)","decl":{"start":{"line":3,"column":37},"end":{"line":3,"column":38}},"loc":{"start":{"line":4,"column":2},"end":{"line":4,"column":28}},"line":4},"1":{"name":"(anonymous_1)","decl":{"start":{"line":5,"column":38},"end":{"line":5,"column":39}},"loc":{"start":{"line":6,"column":2},"end":{"line":6,"column":29}},"line":6},"2":{"name":"(anonymous_2)","decl":{"start":{"line":7,"column":42},"end":{"line":7,"column":43}},"loc":{"start":{"line":8,"column":2},"end":{"line":8,"column":42}},"line":8}},"branchMap":{"0":{"loc":{"start":{"line":8,"column":2},"end":{"line":8,"column":42}},"type":"binary-expr","locations":[{"start":{"line":8,"column":2},"end":{"line":8,"column":33}},{"start":{"line":8,"column":37},"end":{"line":8,"column":42}}],"line":8}},"s":{"0":3,"1":2,"2":3,"3":2,"4":3,"5":2},"f":{"0":2,"1":2,"2":2},"b":{"0":[2,1]},"_coverageSchema":"1a1c01bbd47fc00a2c39e90264f33305004495a9","hash":"19d50e69e12ce924a69644a139f934ca5b359a43"}
,"C:\\Users\\iqles\\OneDrive\\Рабочий стол\\rock star\\frontend-advanced\\src\\entities\\Article\\model\\services\\fetchArticleById\\fetchArticleById.ts": {"path":"C:\\Users\\iqles\\OneDrive\\Рабочий стол\\rock star\\frontend-advanced\\src\\entities\\Article\\model\\services\\fetchArticleById\\fetchArticleById.ts","statementMap":{"0":{"start":{"line":5,"column":32},"end":{"line":30,"column":2}},"1":{"start":{"line":10,"column":37},"end":{"line":10,"column":45}},"2":{"start":{"line":12,"column":2},"end":{"line":29,"column":3}},"3":{"start":{"line":13,"column":4},"end":{"line":15,"column":5}},"4":{"start":{"line":14,"column":6},"end":{"line":14,"column":24}},"5":{"start":{"line":16,"column":21},"end":{"line":20,"column":6}},"6":{"start":{"line":22,"column":4},"end":{"line":24,"column":5}},"7":{"start":{"line":23,"column":6},"end":{"line":23,"column":24}},"8":{"start":{"line":25,"column":4},"end":{"line":25,"column":25}},"9":{"start":{"line":27,"column":4},"end":{"line":27,"column":23}},"10":{"start":{"line":28,"column":4},"end":{"line":28,"column":36}}},"fnMap":{"0":{"name":"(anonymous_0)","decl":{"start":{"line":9,"column":37},"end":{"line":9,"column":38}},"loc":{"start":{"line":9,"column":68},"end":{"line":30,"column":1}},"line":9}},"branchMap":{"0":{"loc":{"start":{"line":13,"column":4},"end":{"line":15,"column":5}},"type":"if","locations":[{"start":{"line":13,"column":4},"end":{"line":15,"column":5}},{"start":{},"end":{}}],"line":13},"1":{"loc":{"start":{"line":22,"column":4},"end":{"line":24,"column":5}},"type":"if","locations":[{"start":{"line":22,"column":4},"end":{"line":24,"column":5}},{"start":{},"end":{}}],"line":22}},"s":{"0":2,"1":0,"2":0,"3":0,"4":0,"5":0,"6":0,"7":0,"8":0,"9":0,"10":0},"f":{"0":0},"b":{"0":[0,0],"1":[0,0]},"_coverageSchema":"1a1c01bbd47fc00a2c39e90264f33305004495a9","hash":"88cd14f1c05d6358aed07b16a5a87f5b3a80d512"}
,"C:\\Users\\iqles\\OneDrive\\Рабочий стол\\rock star\\frontend-advanced\\src\\entities\\Article\\model\\slice\\articleDetailsSlice.ts": {"path":"C:\\Users\\iqles\\OneDrive\\Рабочий стол\\rock star\\frontend-advanced\\src\\entities\\Article\\model\\slice\\articleDetailsSlice.ts","statementMap":{"0":{"start":{"line":6,"column":43},"end":{"line":10,"column":1}},"1":{"start":{"line":12,"column":35},"end":{"line":34,"column":2}},"2":{"start":{"line":17,"column":4},"end":{"line":32,"column":9}},"3":{"start":{"line":19,"column":8},"end":{"line":19,"column":32}},"4":{"start":{"line":20,"column":8},"end":{"line":20,"column":31}},"5":{"start":{"line":25,"column":10},"end":{"line":25,"column":34}},"6":{"start":{"line":26,"column":10},"end":{"line":26,"column":38}},"7":{"start":{"line":30,"column":8},"end":{"line":30,"column":32}},"8":{"start":{"line":31,"column":8},"end":{"line":31,"column":37}},"9":{"start":{"line":37,"column":50},"end":{"line":37,"column":69}},"10":{"start":{"line":38,"column":50},"end":{"line":38,"column":69}}},"fnMap":{"0":{"name":"(anonymous_0)","decl":{"start":{"line":16,"column":17},"end":{"line":16,"column":18}},"loc":{"start":{"line":16,"column":30},"end":{"line":33,"column":3}},"line":16},"1":{"name":"(anonymous_1)","decl":{"start":{"line":18,"column":41},"end":{"line":18,"column":42}},"loc":{"start":{"line":18,"column":52},"end":{"line":21,"column":7}},"line":18},"2":{"name":"(anonymous_2)","decl":{"start":{"line":24,"column":8},"end":{"line":24,"column":9}},"loc":{"start":{"line":24,"column":51},"end":{"line":27,"column":9}},"line":24},"3":{"name":"(anonymous_3)","decl":{"start":{"line":29,"column":42},"end":{"line":29,"column":43}},"loc":{"start":{"line":29,"column":61},"end":{"line":32,"column":7}},"line":29}},"branchMap":{},"s":{"0":2,"1":2,"2":0,"3":0,"4":0,"5":0,"6":0,"7":0,"8":0,"9":2,"10":2},"f":{"0":0,"1":0,"2":0,"3":0},"b":{},"_coverageSchema":"1a1c01bbd47fc00a2c39e90264f33305004495a9","hash":"f4565307452de7af1928f1182a036588779bd62e"}
,"C:\\Users\\iqles\\OneDrive\\Рабочий стол\\rock star\\frontend-advanced\\src\\entities\\Article\\ui\\ArticleCodeBlockComponent\\ArticleCodeBlockComponent.tsx": {"path":"C:\\Users\\iqles\\OneDrive\\Рабочий стол\\rock star\\frontend-advanced\\src\\entities\\Article\\ui\\ArticleCodeBlockComponent\\ArticleCodeBlockComponent.tsx","statementMap":{"0":{"start":{"line":13,"column":2},"end":{"line":22,"column":4}},"1":{"start":{"line":14,"column":33},"end":{"line":14,"column":38}},"2":{"start":{"line":15,"column":4},"end":{"line":21,"column":6}}},"fnMap":{"0":{"name":"(anonymous_0)","decl":{"start":{"line":13,"column":7},"end":{"line":13,"column":8}},"loc":{"start":{"line":13,"column":18},"end":{"line":22,"column":3}},"line":13}},"branchMap":{},"s":{"0":2,"1":0,"2":0},"f":{"0":0},"b":{},"_coverageSchema":"1a1c01bbd47fc00a2c39e90264f33305004495a9","hash":"2724a1c10975bc6e56b3153b31732659772704b8"}
,"C:\\Users\\iqles\\OneDrive\\Рабочий стол\\rock star\\frontend-advanced\\src\\entities\\Article\\ui\\ArticleDetails\\ArticleDetails.tsx": {"path":"C:\\Users\\iqles\\OneDrive\\Рабочий стол\\rock star\\frontend-advanced\\src\\entities\\Article\\ui\\ArticleDetails\\ArticleDetails.tsx","statementMap":{"0":{"start":{"line":35,"column":31},"end":{"line":37,"column":1}},"1":{"start":{"line":39,"column":61},"end":{"line":142,"column":2}},"2":{"start":{"line":40,"column":28},"end":{"line":40,"column":33}},"3":{"start":{"line":41,"column":19},"end":{"line":41,"column":35}},"4":{"start":{"line":42,"column":16},"end":{"line":42,"column":32}},"5":{"start":{"line":44,"column":18},"end":{"line":44,"column":52}},"6":{"start":{"line":45,"column":16},"end":{"line":45,"column":51}},"7":{"start":{"line":46,"column":20},"end":{"line":46,"column":59}},"8":{"start":{"line":49,"column":22},"end":{"line":78,"column":8}},"9":{"start":{"line":50,"column":4},"end":{"line":77,"column":5}},"10":{"start":{"line":52,"column":8},"end":{"line":58,"column":10}},"11":{"start":{"line":60,"column":8},"end":{"line":66,"column":10}},"12":{"start":{"line":68,"column":8},"end":{"line":74,"column":10}},"13":{"start":{"line":76,"column":8},"end":{"line":76,"column":20}},"14":{"start":{"line":80,"column":2},"end":{"line":84,"column":21}},"15":{"start":{"line":81,"column":4},"end":{"line":83,"column":5}},"16":{"start":{"line":82,"column":6},"end":{"line":82,"column":37}},"17":{"start":{"line":88,"column":2},"end":{"line":130,"column":3}},"18":{"start":{"line":89,"column":4},"end":{"line":102,"column":6}},"19":{"start":{"line":103,"column":9},"end":{"line":130,"column":3}},"20":{"start":{"line":104,"column":4},"end":{"line":104,"column":75}},"21":{"start":{"line":106,"column":4},"end":{"line":129,"column":6}},"22":{"start":{"line":132,"column":2},"end":{"line":141,"column":4}}},"fnMap":{"0":{"name":"(anonymous_0)","decl":{"start":{"line":39,"column":66},"end":{"line":39,"column":67}},"loc":{"start":{"line":39,"column":77},"end":{"line":142,"column":1}},"line":39},"1":{"name":"(anonymous_1)","decl":{"start":{"line":49,"column":34},"end":{"line":49,"column":35}},"loc":{"start":{"line":49,"column":59},"end":{"line":78,"column":3}},"line":49},"2":{"name":"(anonymous_2)","decl":{"start":{"line":80,"column":12},"end":{"line":80,"column":13}},"loc":{"start":{"line":80,"column":18},"end":{"line":84,"column":3}},"line":80}},"branchMap":{"0":{"loc":{"start":{"line":50,"column":4},"end":{"line":77,"column":5}},"type":"switch","locations":[{"start":{"line":51,"column":6},"end":{"line":58,"column":10}},{"start":{"line":59,"column":6},"end":{"line":66,"column":10}},{"start":{"line":67,"column":6},"end":{"line":74,"column":10}},{"start":{"line":75,"column":6},"end":{"line":76,"column":20}}],"line":50},"1":{"loc":{"start":{"line":81,"column":4},"end":{"line":83,"column":5}},"type":"if","locations":[{"start":{"line":81,"column":4},"end":{"line":83,"column":5}},{"start":{},"end":{}}],"line":81},"2":{"loc":{"start":{"line":88,"column":2},"end":{"line":130,"column":3}},"type":"if","locations":[{"start":{"line":88,"column":2},"end":{"line":130,"column":3}},{"start":{"line":103,"column":9},"end":{"line":130,"column":3}}],"line":88},"3":{"loc":{"start":{"line":103,"column":9},"end":{"line":130,"column":3}},"type":"if","locations":[{"start":{"line":103,"column":9},"end":{"line":130,"column":3}},{"start":{"line":105,"column":9},"end":{"line":130,"column":3}}],"line":103}},"s":{"0":2,"1":2,"2":0,"3":0,"4":0,"5":0,"6":0,"7":0,"8":0,"9":0,"10":0,"11":0,"12":0,"13":0,"14":0,"15":0,"16":0,"17":0,"18":0,"19":0,"20":0,"21":0,"22":0},"f":{"0":0,"1":0,"2":0},"b":{"0":[0,0,0,0],"1":[0,0],"2":[0,0],"3":[0,0]},"_coverageSchema":"1a1c01bbd47fc00a2c39e90264f33305004495a9","hash":"9596ee08641e50efc17b35358de3b6b3c7b05f33"}
,"C:\\Users\\iqles\\OneDrive\\Рабочий стол\\rock star\\frontend-advanced\\src\\entities\\Article\\ui\\ArticleImageBlockComponent\\ArticleImageBlockComponent.tsx": {"path":"C:\\Users\\iqles\\OneDrive\\Рабочий стол\\rock star\\frontend-advanced\\src\\entities\\Article\\ui\\ArticleImageBlockComponent\\ArticleImageBlockComponent.tsx","statementMap":{"0":{"start":{"line":13,"column":2},"end":{"line":24,"column":4}},"1":{"start":{"line":14,"column":33},"end":{"line":14,"column":38}},"2":{"start":{"line":16,"column":4},"end":{"line":23,"column":6}}},"fnMap":{"0":{"name":"(anonymous_0)","decl":{"start":{"line":13,"column":7},"end":{"line":13,"column":8}},"loc":{"start":{"line":13,"column":18},"end":{"line":24,"column":3}},"line":13}},"branchMap":{"0":{"loc":{"start":{"line":21,"column":9},"end":{"line":21,"column":76}},"type":"binary-expr","locations":[{"start":{"line":21,"column":9},"end":{"line":21,"column":20}},{"start":{"line":21,"column":24},"end":{"line":21,"column":76}}],"line":21}},"s":{"0":2,"1":0,"2":0},"f":{"0":0},"b":{"0":[0,0]},"_coverageSchema":"1a1c01bbd47fc00a2c39e90264f33305004495a9","hash":"4a6bbe25f165e96b2ec060121c40652cb651b18a"}
,"C:\\Users\\iqles\\OneDrive\\Рабочий стол\\rock star\\frontend-advanced\\src\\entities\\Article\\ui\\ArticleList\\ArticleList.tsx": {"path":"C:\\Users\\iqles\\OneDrive\\Рабочий стол\\rock star\\frontend-advanced\\src\\entities\\Article\\ui\\ArticleList\\ArticleList.tsx","statementMap":{"0":{"start":{"line":19,"column":21},"end":{"line":25,"column":1}},"1":{"start":{"line":20,"column":2},"end":{"line":24,"column":7}},"2":{"start":{"line":23,"column":6},"end":{"line":23,"column":78}},"3":{"start":{"line":27,"column":55},"end":{"line":71,"column":1}},"4":{"start":{"line":34,"column":6},"end":{"line":34,"column":11}},"5":{"start":{"line":35,"column":16},"end":{"line":35,"column":32}},"6":{"start":{"line":45,"column":24},"end":{"line":55,"column":3}},"7":{"start":{"line":46,"column":4},"end":{"line":54,"column":6}},"8":{"start":{"line":57,"column":2},"end":{"line":63,"column":3}},"9":{"start":{"line":58,"column":4},"end":{"line":62,"column":6}},"10":{"start":{"line":65,"column":2},"end":{"line":70,"column":4}}},"fnMap":{"0":{"name":"(anonymous_0)","decl":{"start":{"line":19,"column":21},"end":{"line":19,"column":22}},"loc":{"start":{"line":19,"column":44},"end":{"line":25,"column":1}},"line":19},"1":{"name":"(anonymous_1)","decl":{"start":{"line":22,"column":9},"end":{"line":22,"column":10}},"loc":{"start":{"line":23,"column":6},"end":{"line":23,"column":78}},"line":23},"2":{"name":"(anonymous_2)","decl":{"start":{"line":27,"column":55},"end":{"line":27,"column":56}},"loc":{"start":{"line":27,"column":66},"end":{"line":71,"column":1}},"line":27},"3":{"name":"(anonymous_3)","decl":{"start":{"line":45,"column":24},"end":{"line":45,"column":25}},"loc":{"start":{"line":45,"column":46},"end":{"line":55,"column":3}},"line":45}},"branchMap":{"0":{"loc":{"start":{"line":20,"column":19},"end":{"line":20,"column":53}},"type":"cond-expr","locations":[{"start":{"line":20,"column":48},"end":{"line":20,"column":49}},{"start":{"line":20,"column":52},"end":{"line":20,"column":53}}],"line":20},"1":{"loc":{"start":{"line":32,"column":4},"end":{"line":32,"column":28}},"type":"default-arg","locations":[{"start":{"line":32,"column":11},"end":{"line":32,"column":28}}],"line":32},"2":{"loc":{"start":{"line":57,"column":2},"end":{"line":63,"column":3}},"type":"if","locations":[{"start":{"line":57,"column":2},"end":{"line":63,"column":3}},{"start":{},"end":{}}],"line":57},"3":{"loc":{"start":{"line":57,"column":6},"end":{"line":57,"column":36}},"type":"binary-expr","locations":[{"start":{"line":57,"column":6},"end":{"line":57,"column":16}},{"start":{"line":57,"column":20},"end":{"line":57,"column":36}}],"line":57},"4":{"loc":{"start":{"line":67,"column":7},"end":{"line":67,"column":63}},"type":"cond-expr","locations":[{"start":{"line":67,"column":29},"end":{"line":67,"column":56}},{"start":{"line":67,"column":59},"end":{"line":67,"column":63}}],"line":67},"5":{"loc":{"start":{"line":68,"column":7},"end":{"line":68,"column":38}},"type":"binary-expr","locations":[{"start":{"line":68,"column":7},"end":{"line":68,"column":16}},{"start":{"line":68,"column":20},"end":{"line":68,"column":38}}],"line":68}},"s":{"0":2,"1":0,"2":0,"3":2,"4":0,"5":0,"6":0,"7":0,"8":0,"9":0,"10":0},"f":{"0":0,"1":0,"2":0,"3":0},"b":{"0":[0,0],"1":[0],"2":[0,0],"3":[0,0],"4":[0,0],"5":[0,0]},"_coverageSchema":"1a1c01bbd47fc00a2c39e90264f33305004495a9","hash":"d6684389a3752c0f13adab041260122c2dc45dd2"}
,"C:\\Users\\iqles\\OneDrive\\Рабочий стол\\rock star\\frontend-advanced\\src\\entities\\Article\\ui\\ArticleListItem\\ArticleListItem.tsx": {"path":"C:\\Users\\iqles\\OneDrive\\Рабочий стол\\rock star\\frontend-advanced\\src\\entities\\Article\\ui\\ArticleListItem\\ArticleListItem.tsx","statementMap":{"0":{"start":{"line":26,"column":63},"end":{"line":91,"column":1}},"1":{"start":{"line":27,"column":47},"end":{"line":27,"column":52}},"2":{"start":{"line":28,"column":16},"end":{"line":28,"column":32}},"3":{"start":{"line":30,"column":16},"end":{"line":30,"column":77}},"4":{"start":{"line":32,"column":4},"end":{"line":35,"column":7}},"5":{"start":{"line":38,"column":2},"end":{"line":70,"column":3}},"6":{"start":{"line":39,"column":20},"end":{"line":41,"column":25}},"7":{"start":{"line":40,"column":17},"end":{"line":40,"column":53}},"8":{"start":{"line":42,"column":4},"end":{"line":69,"column":6}},"9":{"start":{"line":72,"column":2},"end":{"line":90,"column":4}}},"fnMap":{"0":{"name":"(anonymous_0)","decl":{"start":{"line":26,"column":63},"end":{"line":26,"column":64}},"loc":{"start":{"line":26,"column":74},"end":{"line":91,"column":1}},"line":26},"1":{"name":"(anonymous_1)","decl":{"start":{"line":40,"column":6},"end":{"line":40,"column":7}},"loc":{"start":{"line":40,"column":17},"end":{"line":40,"column":53}},"line":40}},"branchMap":{"0":{"loc":{"start":{"line":38,"column":2},"end":{"line":70,"column":3}},"type":"if","locations":[{"start":{"line":38,"column":2},"end":{"line":70,"column":3}},{"start":{},"end":{}}],"line":38},"1":{"loc":{"start":{"line":55,"column":11},"end":{"line":60,"column":11}},"type":"binary-expr","locations":[{"start":{"line":55,"column":11},"end":{"line":55,"column":20}},{"start":{"line":56,"column":12},"end":{"line":59,"column":14}}],"line":55}},"s":{"0":2,"1":0,"2":0,"3":0,"4":0,"5":0,"6":0,"7":0,"8":0,"9":0},"f":{"0":0,"1":0},"b":{"0":[0,0],"1":[0,0]},"_coverageSchema":"1a1c01bbd47fc00a2c39e90264f33305004495a9","hash":"1e9991a2194f04f84e5e70fb52a72ead0e36cead"}
,"C:\\Users\\iqles\\OneDrive\\Рабочий стол\\rock star\\frontend-advanced\\src\\entities\\Article\\ui\\ArticleListItem\\ArticleListItemSkeleton.tsx": {"path":"C:\\Users\\iqles\\OneDrive\\Рабочий стол\\rock star\\frontend-advanced\\src\\entities\\Article\\ui\\ArticleListItem\\ArticleListItemSkeleton.tsx","statementMap":{"0":{"start":{"line":12,"column":79},"end":{"line":53,"column":1}},"1":{"start":{"line":15,"column":30},"end":{"line":15,"column":35}},"2":{"start":{"line":17,"column":2},"end":{"line":36,"column":3}},"3":{"start":{"line":18,"column":4},"end":{"line":35,"column":6}},"4":{"start":{"line":38,"column":2},"end":{"line":52,"column":4}}},"fnMap":{"0":{"name":"(anonymous_0)","decl":{"start":{"line":12,"column":79},"end":{"line":12,"column":80}},"loc":{"start":{"line":14,"column":5},"end":{"line":53,"column":1}},"line":14}},"branchMap":{"0":{"loc":{"start":{"line":17,"column":2},"end":{"line":36,"column":3}},"type":"if","locations":[{"start":{"line":17,"column":2},"end":{"line":36,"column":3}},{"start":{},"end":{}}],"line":17}},"s":{"0":2,"1":0,"2":0,"3":0,"4":0},"f":{"0":0},"b":{"0":[0,0]},"_coverageSchema":"1a1c01bbd47fc00a2c39e90264f33305004495a9","hash":"04edf524988e1151905a5898ac114eb62e5731d8"}
,"C:\\Users\\iqles\\OneDrive\\Рабочий стол\\rock star\\frontend-advanced\\src\\entities\\Article\\ui\\ArticleTextBlockComponent\\ArticleTextBlockComponent.tsx": {"path":"C:\\Users\\iqles\\OneDrive\\Рабочий стол\\rock star\\frontend-advanced\\src\\entities\\Article\\ui\\ArticleTextBlockComponent\\ArticleTextBlockComponent.tsx","statementMap":{"0":{"start":{"line":13,"column":2},"end":{"line":25,"column":4}},"1":{"start":{"line":14,"column":33},"end":{"line":14,"column":38}},"2":{"start":{"line":15,"column":4},"end":{"line":24,"column":6}},"3":{"start":{"line":21,"column":10},"end":{"line":21,"column":77}}},"fnMap":{"0":{"name":"(anonymous_0)","decl":{"start":{"line":13,"column":7},"end":{"line":13,"column":8}},"loc":{"start":{"line":13,"column":18},"end":{"line":25,"column":3}},"line":13},"1":{"name":"(anonymous_1)","decl":{"start":{"line":20,"column":30},"end":{"line":20,"column":31}},"loc":{"start":{"line":21,"column":10},"end":{"line":21,"column":77}},"line":21}},"branchMap":{"0":{"loc":{"start":{"line":19,"column":9},"end":{"line":19,"column":74}},"type":"binary-expr","locations":[{"start":{"line":19,"column":9},"end":{"line":19,"column":20}},{"start":{"line":19,"column":24},"end":{"line":19,"column":74}}],"line":19}},"s":{"0":2,"1":0,"2":0,"3":0},"f":{"0":0,"1":0},"b":{"0":[0,0]},"_coverageSchema":"1a1c01bbd47fc00a2c39e90264f33305004495a9","hash":"247d5cb70b08afe07a7b56bfb7754b4c29c0af39"}
,"C:\\Users\\iqles\\OneDrive\\Рабочий стол\\rock star\\frontend-advanced\\src\\entities\\Counter\\index.ts": {"path":"C:\\Users\\iqles\\OneDrive\\Рабочий стол\\rock star\\frontend-advanced\\src\\entities\\Counter\\index.ts","statementMap":{},"fnMap":{},"branchMap":{},"s":{},"f":{},"b":{},"_coverageSchema":"1a1c01bbd47fc00a2c39e90264f33305004495a9","hash":"ad2550828588756fc62ff463c7167ee2874612e4"}
,"C:\\Users\\iqles\\OneDrive\\Рабочий стол\\rock star\\frontend-advanced\\src\\entities\\Counter\\model\\selectors\\getCounter\\getCounter.ts": {"path":"C:\\Users\\iqles\\OneDrive\\Рабочий стол\\rock star\\frontend-advanced\\src\\entities\\Counter\\model\\selectors\\getCounter\\getCounter.ts","statementMap":{"0":{"start":{"line":3,"column":26},"end":{"line":3,"column":63}},"1":{"start":{"line":3,"column":50},"end":{"line":3,"column":63}}},"fnMap":{"0":{"name":"(anonymous_0)","decl":{"start":{"line":3,"column":26},"end":{"line":3,"column":27}},"loc":{"start":{"line":3,"column":50},"end":{"line":3,"column":63}},"line":3}},"branchMap":{},"s":{"0":5,"1":5},"f":{"0":5},"b":{},"_coverageSchema":"1a1c01bbd47fc00a2c39e90264f33305004495a9","hash":"21e41f52d011e52cacf5c62e5725f530c72ac999"}
,"C:\\Users\\iqles\\OneDrive\\Рабочий стол\\rock star\\frontend-advanced\\src\\entities\\Counter\\model\\selectors\\getCounterValue\\getCounterValue.ts": {"path":"C:\\Users\\iqles\\OneDrive\\Рабочий стол\\rock star\\frontend-advanced\\src\\entities\\Counter\\model\\selectors\\getCounterValue\\getCounterValue.ts","statementMap":{"0":{"start":{"line":5,"column":31},"end":{"line":8,"column":1}},"1":{"start":{"line":7,"column":30},"end":{"line":7,"column":43}}},"fnMap":{"0":{"name":"(anonymous_0)","decl":{"start":{"line":7,"column":2},"end":{"line":7,"column":3}},"loc":{"start":{"line":7,"column":30},"end":{"line":7,"column":43}},"line":7}},"branchMap":{},"s":{"0":4,"1":4},"f":{"0":4},"b":{},"_coverageSchema":"1a1c01bbd47fc00a2c39e90264f33305004495a9","hash":"6ed013cd1a677a1737166f75aaf6119cbe6c64c4"}
,"C:\\Users\\iqles\\OneDrive\\Рабочий стол\\rock star\\frontend-advanced\\src\\entities\\Counter\\model\\slice\\counterSlice.ts": {"path":"C:\\Users\\iqles\\OneDrive\\Рабочий стол\\rock star\\frontend-advanced\\src\\entities\\Counter\\model\\slice\\counterSlice.ts","statementMap":{"0":{"start":{"line":4,"column":36},"end":{"line":6,"column":1}},"1":{"start":{"line":8,"column":28},"end":{"line":19,"column":2}},"2":{"start":{"line":13,"column":6},"end":{"line":13,"column":23}},"3":{"start":{"line":16,"column":6},"end":{"line":16,"column":23}},"4":{"start":{"line":22,"column":43},"end":{"line":22,"column":55}},"5":{"start":{"line":23,"column":43},"end":{"line":23,"column":55}}},"fnMap":{"0":{"name":"(anonymous_0)","decl":{"start":{"line":12,"column":15},"end":{"line":12,"column":16}},"loc":{"start":{"line":12,"column":26},"end":{"line":14,"column":5}},"line":12},"1":{"name":"(anonymous_1)","decl":{"start":{"line":15,"column":15},"end":{"line":15,"column":16}},"loc":{"start":{"line":15,"column":26},"end":{"line":17,"column":5}},"line":15}},"branchMap":{},"s":{"0":4,"1":4,"2":2,"3":1,"4":4,"5":4},"f":{"0":2,"1":1},"b":{},"_coverageSchema":"1a1c01bbd47fc00a2c39e90264f33305004495a9","hash":"44799ac4c03caa0248c15b741dee16d28748a9fd"}
,"C:\\Users\\iqles\\OneDrive\\Рабочий стол\\rock star\\frontend-advanced\\src\\entities\\Counter\\ui\\Counter.tsx": {"path":"C:\\Users\\iqles\\OneDrive\\Рабочий стол\\rock star\\frontend-advanced\\src\\entities\\Counter\\ui\\Counter.tsx","statementMap":{"0":{"start":{"line":6,"column":33},"end":{"line":27,"column":1}},"1":{"start":{"line":7,"column":19},"end":{"line":7,"column":32}},"2":{"start":{"line":8,"column":23},"end":{"line":8,"column":51}},"3":{"start":{"line":10,"column":20},"end":{"line":12,"column":3}},"4":{"start":{"line":11,"column":4},"end":{"line":11,"column":41}},"5":{"start":{"line":13,"column":20},"end":{"line":15,"column":3}},"6":{"start":{"line":14,"column":4},"end":{"line":14,"column":41}},"7":{"start":{"line":16,"column":2},"end":{"line":26,"column":4}}},"fnMap":{"0":{"name":"(anonymous_0)","decl":{"start":{"line":6,"column":33},"end":{"line":6,"column":34}},"loc":{"start":{"line":6,"column":39},"end":{"line":27,"column":1}},"line":6},"1":{"name":"(anonymous_1)","decl":{"start":{"line":10,"column":20},"end":{"line":10,"column":21}},"loc":{"start":{"line":10,"column":26},"end":{"line":12,"column":3}},"line":10},"2":{"name":"(anonymous_2)","decl":{"start":{"line":13,"column":20},"end":{"line":13,"column":21}},"loc":{"start":{"line":13,"column":26},"end":{"line":15,"column":3}},"line":13}},"branchMap":{},"s":{"0":3,"1":3,"2":3,"3":3,"4":0,"5":3,"6":0,"7":3},"f":{"0":3,"1":0,"2":0},"b":{},"_coverageSchema":"1a1c01bbd47fc00a2c39e90264f33305004495a9","hash":"56c9ac1f45d5d3e6dfcac360f8bcb4ecab33c661"}
,"C:\\Users\\iqles\\OneDrive\\Рабочий стол\\rock star\\frontend-advanced\\src\\entities\\Country\\index.ts": {"path":"C:\\Users\\iqles\\OneDrive\\Рабочий стол\\rock star\\frontend-advanced\\src\\entities\\Country\\index.ts","statementMap":{},"fnMap":{},"branchMap":{},"s":{},"f":{},"b":{},"_coverageSchema":"1a1c01bbd47fc00a2c39e90264f33305004495a9","hash":"b7d6bcb340ade4e68c30dad33c77c38420f399b9"}
,"C:\\Users\\iqles\\OneDrive\\Рабочий стол\\rock star\\frontend-advanced\\src\\entities\\Country\\model\\types\\country.ts": {"path":"C:\\Users\\iqles\\OneDrive\\Рабочий стол\\rock star\\frontend-advanced\\src\\entities\\Country\\model\\types\\country.ts","statementMap":{},"fnMap":{},"branchMap":{},"s":{},"f":{},"b":{},"_coverageSchema":"1a1c01bbd47fc00a2c39e90264f33305004495a9","hash":"a9df1f802a0a5568d1a594a89f1cd2ad16b51f6e"}
,"C:\\Users\\iqles\\OneDrive\\Рабочий стол\\rock star\\frontend-advanced\\src\\entities\\Country\\ui\\CountrySelect.tsx": {"path":"C:\\Users\\iqles\\OneDrive\\Рабочий стол\\rock star\\frontend-advanced\\src\\entities\\Country\\ui\\CountrySelect.tsx","statementMap":{"0":{"start":{"line":15,"column":16},"end":{"line":20,"column":1}},"1":{"start":{"line":22,"column":59},"end":{"line":56,"column":2}},"2":{"start":{"line":23,"column":51},"end":{"line":23,"column":56}},"3":{"start":{"line":24,"column":16},"end":{"line":24,"column":32}},"4":{"start":{"line":26,"column":26},"end":{"line":31,"column":3}},"5":{"start":{"line":28,"column":6},"end":{"line":28,"column":35}},"6":{"start":{"line":33,"column":2},"end":{"line":44,"column":4}}},"fnMap":{"0":{"name":"(anonymous_0)","decl":{"start":{"line":22,"column":64},"end":{"line":22,"column":65}},"loc":{"start":{"line":22,"column":75},"end":{"line":56,"column":1}},"line":22},"1":{"name":"(anonymous_1)","decl":{"start":{"line":27,"column":4},"end":{"line":27,"column":5}},"loc":{"start":{"line":27,"column":23},"end":{"line":29,"column":5}},"line":27}},"branchMap":{},"s":{"0":7,"1":7,"2":11,"3":10,"4":10,"5":0,"6":10},"f":{"0":11,"1":0},"b":{},"_coverageSchema":"1a1c01bbd47fc00a2c39e90264f33305004495a9","hash":"6239f2f51d0d8871ebf87937ec69b61c07df1091"}
,"C:\\Users\\iqles\\OneDrive\\Рабочий стол\\rock star\\frontend-advanced\\src\\entities\\Profile\\index.ts": {"path":"C:\\Users\\iqles\\OneDrive\\Рабочий стол\\rock star\\frontend-advanced\\src\\entities\\Profile\\index.ts","statementMap":{},"fnMap":{},"branchMap":{},"s":{},"f":{},"b":{},"_coverageSchema":"1a1c01bbd47fc00a2c39e90264f33305004495a9","hash":"620e13857403789b20cd7385cf8cf4a1d4f7342b"}
,"C:\\Users\\iqles\\OneDrive\\Рабочий стол\\rock star\\frontend-advanced\\src\\entities\\Profile\\ui\\ProfileCard\\ProfileCard.tsx": {"path":"C:\\Users\\iqles\\OneDrive\\Рабочий стол\\rock star\\frontend-advanced\\src\\entities\\Profile\\ui\\ProfileCard\\ProfileCard.tsx","statementMap":{"0":{"start":{"line":27,"column":55},"end":{"line":132,"column":1}},"1":{"start":{"line":40,"column":6},"end":{"line":40,"column":11}},"2":{"start":{"line":41,"column":16},"end":{"line":41,"column":41}},"3":{"start":{"line":43,"column":2},"end":{"line":53,"column":3}},"4":{"start":{"line":44,"column":4},"end":{"line":52,"column":6}},"5":{"start":{"line":55,"column":2},"end":{"line":70,"column":3}},"6":{"start":{"line":56,"column":4},"end":{"line":69,"column":6}},"7":{"start":{"line":72,"column":21},"end":{"line":74,"column":3}},"8":{"start":{"line":76,"column":2},"end":{"line":131,"column":4}}},"fnMap":{"0":{"name":"(anonymous_0)","decl":{"start":{"line":27,"column":55},"end":{"line":27,"column":56}},"loc":{"start":{"line":27,"column":66},"end":{"line":132,"column":1}},"line":27}},"branchMap":{"0":{"loc":{"start":{"line":43,"column":2},"end":{"line":53,"column":3}},"type":"if","locations":[{"start":{"line":43,"column":2},"end":{"line":53,"column":3}},{"start":{},"end":{}}],"line":43},"1":{"loc":{"start":{"line":55,"column":2},"end":{"line":70,"column":3}},"type":"if","locations":[{"start":{"line":55,"column":2},"end":{"line":70,"column":3}},{"start":{},"end":{}}],"line":55},"2":{"loc":{"start":{"line":82,"column":7},"end":{"line":86,"column":7}},"type":"binary-expr","locations":[{"start":{"line":82,"column":7},"end":{"line":82,"column":19}},{"start":{"line":83,"column":8},"end":{"line":85,"column":17}}],"line":82}},"s":{"0":1,"1":41,"2":40,"3":40,"4":2,"5":38,"6":0,"7":38,"8":38},"f":{"0":41},"b":{"0":[2,38],"1":[0,38],"2":[38,38]},"_coverageSchema":"1a1c01bbd47fc00a2c39e90264f33305004495a9","hash":"cdb9173578a965d6370d74eab9615c72bb9beb3c"}
,"C:\\Users\\iqles\\OneDrive\\Рабочий стол\\rock star\\frontend-advanced\\src\\entities\\User\\index.ts": {"path":"C:\\Users\\iqles\\OneDrive\\Рабочий стол\\rock star\\frontend-advanced\\src\\entities\\User\\index.ts","statementMap":{},"fnMap":{},"branchMap":{},"s":{},"f":{},"b":{},"_coverageSchema":"1a1c01bbd47fc00a2c39e90264f33305004495a9","hash":"4caa33fca30af204a330ae33f5145f904f52cd9b"}
,"C:\\Users\\iqles\\OneDrive\\Рабочий стол\\rock star\\frontend-advanced\\src\\entities\\User\\model\\consts\\consts.ts": {"path":"C:\\Users\\iqles\\OneDrive\\Рабочий стол\\rock star\\frontend-advanced\\src\\entities\\User\\model\\consts\\consts.ts","statementMap":{},"fnMap":{},"branchMap":{},"s":{},"f":{},"b":{},"_coverageSchema":"1a1c01bbd47fc00a2c39e90264f33305004495a9","hash":"1fc32701685e26241e2eb669d6ee77387c4f136e"}
,"C:\\Users\\iqles\\OneDrive\\Рабочий стол\\rock star\\frontend-advanced\\src\\entities\\User\\model\\selectors\\getUserAuthData.ts": {"path":"C:\\Users\\iqles\\OneDrive\\Рабочий стол\\rock star\\frontend-advanced\\src\\entities\\User\\model\\selectors\\getUserAuthData.ts","statementMap":{"0":{"start":{"line":3,"column":31},"end":{"line":3,"column":74}},"1":{"start":{"line":3,"column":55},"end":{"line":3,"column":74}}},"fnMap":{"0":{"name":"(anonymous_0)","decl":{"start":{"line":3,"column":31},"end":{"line":3,"column":32}},"loc":{"start":{"line":3,"column":55},"end":{"line":3,"column":74}},"line":3}},"branchMap":{},"s":{"0":5,"1":90},"f":{"0":90},"b":{},"_coverageSchema":"1a1c01bbd47fc00a2c39e90264f33305004495a9","hash":"e61487ed52e2a9e5a074abc8c2a7d7fb65cea5d1"}
,"C:\\Users\\iqles\\OneDrive\\Рабочий стол\\rock star\\frontend-advanced\\src\\entities\\User\\model\\selectors\\getUserInited.ts": {"path":"C:\\Users\\iqles\\OneDrive\\Рабочий стол\\rock star\\frontend-advanced\\src\\entities\\User\\model\\selectors\\getUserInited.ts","statementMap":{"0":{"start":{"line":3,"column":29},"end":{"line":3,"column":71}},"1":{"start":{"line":3,"column":53},"end":{"line":3,"column":71}}},"fnMap":{"0":{"name":"(anonymous_0)","decl":{"start":{"line":3,"column":29},"end":{"line":3,"column":30}},"loc":{"start":{"line":3,"column":53},"end":{"line":3,"column":71}},"line":3}},"branchMap":{},"s":{"0":5,"1":0},"f":{"0":0},"b":{},"_coverageSchema":"1a1c01bbd47fc00a2c39e90264f33305004495a9","hash":"e68e35caf4077b82d156e81a69600ee174de9a96"}
,"C:\\Users\\iqles\\OneDrive\\Рабочий стол\\rock star\\frontend-advanced\\src\\entities\\User\\model\\selectors\\roleSelectors.ts": {"path":"C:\\Users\\iqles\\OneDrive\\Рабочий стол\\rock star\\frontend-advanced\\src\\entities\\User\\model\\selectors\\roleSelectors.ts","statementMap":{"0":{"start":{"line":5,"column":28},"end":{"line":5,"column":78}},"1":{"start":{"line":5,"column":52},"end":{"line":5,"column":78}},"2":{"start":{"line":7,"column":27},"end":{"line":9,"column":1}},"3":{"start":{"line":8,"column":2},"end":{"line":8,"column":42}},"4":{"start":{"line":10,"column":29},"end":{"line":12,"column":1}},"5":{"start":{"line":11,"column":2},"end":{"line":11,"column":44}}},"fnMap":{"0":{"name":"(anonymous_0)","decl":{"start":{"line":5,"column":28},"end":{"line":5,"column":29}},"loc":{"start":{"line":5,"column":52},"end":{"line":5,"column":78}},"line":5},"1":{"name":"(anonymous_1)","decl":{"start":{"line":7,"column":56},"end":{"line":7,"column":57}},"loc":{"start":{"line":8,"column":2},"end":{"line":8,"column":42}},"line":8},"2":{"name":"(anonymous_2)","decl":{"start":{"line":10,"column":58},"end":{"line":10,"column":59}},"loc":{"start":{"line":11,"column":2},"end":{"line":11,"column":44}},"line":11}},"branchMap":{},"s":{"0":5,"1":0,"2":5,"3":0,"4":5,"5":0},"f":{"0":0,"1":0,"2":0},"b":{},"_coverageSchema":"1a1c01bbd47fc00a2c39e90264f33305004495a9","hash":"e7f6ea4917e435d2f92018a97c368658f418a27b"}
,"C:\\Users\\iqles\\OneDrive\\Рабочий стол\\rock star\\frontend-advanced\\src\\entities\\User\\model\\slice\\userSlice.ts": {"path":"C:\\Users\\iqles\\OneDrive\\Рабочий стол\\rock star\\frontend-advanced\\src\\entities\\User\\model\\slice\\userSlice.ts","statementMap":{"0":{"start":{"line":5,"column":33},"end":{"line":7,"column":1}},"1":{"start":{"line":9,"column":25},"end":{"line":28,"column":2}},"2":{"start":{"line":14,"column":6},"end":{"line":14,"column":38}},"3":{"start":{"line":17,"column":19},"end":{"line":17,"column":62}},"4":{"start":{"line":18,"column":6},"end":{"line":20,"column":7}},"5":{"start":{"line":19,"column":8},"end":{"line":19,"column":42}},"6":{"start":{"line":21,"column":6},"end":{"line":21,"column":27}},"7":{"start":{"line":24,"column":6},"end":{"line":24,"column":53}},"8":{"start":{"line":25,"column":6},"end":{"line":25,"column":33}},"9":{"start":{"line":31,"column":40},"end":{"line":31,"column":49}},"10":{"start":{"line":32,"column":40},"end":{"line":32,"column":49}}},"fnMap":{"0":{"name":"(anonymous_0)","decl":{"start":{"line":13,"column":17},"end":{"line":13,"column":18}},"loc":{"start":{"line":13,"column":57},"end":{"line":15,"column":5}},"line":13},"1":{"name":"(anonymous_1)","decl":{"start":{"line":16,"column":18},"end":{"line":16,"column":19}},"loc":{"start":{"line":16,"column":29},"end":{"line":22,"column":5}},"line":16},"2":{"name":"(anonymous_2)","decl":{"start":{"line":23,"column":12},"end":{"line":23,"column":13}},"loc":{"start":{"line":23,"column":23},"end":{"line":26,"column":5}},"line":23}},"branchMap":{"0":{"loc":{"start":{"line":18,"column":6},"end":{"line":20,"column":7}},"type":"if","locations":[{"start":{"line":18,"column":6},"end":{"line":20,"column":7}},{"start":{},"end":{}}],"line":18}},"s":{"0":5,"1":5,"2":0,"3":0,"4":0,"5":0,"6":0,"7":0,"8":0,"9":5,"10":5},"f":{"0":0,"1":0,"2":0},"b":{"0":[0,0]},"_coverageSchema":"1a1c01bbd47fc00a2c39e90264f33305004495a9","hash":"b1cdab708aa6dc686279f4af22465c97220824cc"}
,"C:\\Users\\iqles\\OneDrive\\Рабочий стол\\rock star\\frontend-advanced\\src\\features\\AuthByUsername\\model\\selectors\\getLoginError\\getLoginError.ts": {"path":"C:\\Users\\iqles\\OneDrive\\Рабочий стол\\rock star\\frontend-advanced\\src\\features\\AuthByUsername\\model\\selectors\\getLoginError\\getLoginError.ts","statementMap":{"0":{"start":{"line":3,"column":29},"end":{"line":3,"column":76}},"1":{"start":{"line":3,"column":53},"end":{"line":3,"column":76}}},"fnMap":{"0":{"name":"(anonymous_0)","decl":{"start":{"line":3,"column":29},"end":{"line":3,"column":30}},"loc":{"start":{"line":3,"column":53},"end":{"line":3,"column":76}},"line":3}},"branchMap":{},"s":{"0":1,"1":2},"f":{"0":2},"b":{},"_coverageSchema":"1a1c01bbd47fc00a2c39e90264f33305004495a9","hash":"82d211bdadca56cdcae7d20f2d07fd48cfdf6474"}
,"C:\\Users\\iqles\\OneDrive\\Рабочий стол\\rock star\\frontend-advanced\\src\\features\\AuthByUsername\\model\\selectors\\getLoginIsLoading\\getLoginIsLoading.ts": {"path":"C:\\Users\\iqles\\OneDrive\\Рабочий стол\\rock star\\frontend-advanced\\src\\features\\AuthByUsername\\model\\selectors\\getLoginIsLoading\\getLoginIsLoading.ts","statementMap":{"0":{"start":{"line":3,"column":33},"end":{"line":4,"column":38}},"1":{"start":{"line":4,"column":2},"end":{"line":4,"column":38}}},"fnMap":{"0":{"name":"(anonymous_0)","decl":{"start":{"line":3,"column":33},"end":{"line":3,"column":34}},"loc":{"start":{"line":4,"column":2},"end":{"line":4,"column":38}},"line":4}},"branchMap":{"0":{"loc":{"start":{"line":4,"column":2},"end":{"line":4,"column":38}},"type":"binary-expr","locations":[{"start":{"line":4,"column":2},"end":{"line":4,"column":29}},{"start":{"line":4,"column":33},"end":{"line":4,"column":38}}],"line":4}},"s":{"0":1,"1":2},"f":{"0":2},"b":{"0":[2,1]},"_coverageSchema":"1a1c01bbd47fc00a2c39e90264f33305004495a9","hash":"d8f5753eaebc104dc6c1af8a213b95c919ace227"}
,"C:\\Users\\iqles\\OneDrive\\Рабочий стол\\rock star\\frontend-advanced\\src\\features\\AuthByUsername\\model\\selectors\\getLoginPassword\\getLoginPassword.ts": {"path":"C:\\Users\\iqles\\OneDrive\\Рабочий стол\\rock star\\frontend-advanced\\src\\features\\AuthByUsername\\model\\selectors\\getLoginPassword\\getLoginPassword.ts","statementMap":{"0":{"start":{"line":3,"column":32},"end":{"line":4,"column":34}},"1":{"start":{"line":4,"column":2},"end":{"line":4,"column":34}}},"fnMap":{"0":{"name":"(anonymous_0)","decl":{"start":{"line":3,"column":32},"end":{"line":3,"column":33}},"loc":{"start":{"line":4,"column":2},"end":{"line":4,"column":34}},"line":4}},"branchMap":{"0":{"loc":{"start":{"line":4,"column":2},"end":{"line":4,"column":34}},"type":"binary-expr","locations":[{"start":{"line":4,"column":2},"end":{"line":4,"column":28}},{"start":{"line":4,"column":32},"end":{"line":4,"column":34}}],"line":4}},"s":{"0":1,"1":2},"f":{"0":2},"b":{"0":[2,1]},"_coverageSchema":"1a1c01bbd47fc00a2c39e90264f33305004495a9","hash":"2798a04591e01803cc36838597111366ec354c06"}
,"C:\\Users\\iqles\\OneDrive\\Рабочий стол\\rock star\\frontend-advanced\\src\\features\\AuthByUsername\\model\\selectors\\getLoginUsername\\getLoginUsername.ts": {"path":"C:\\Users\\iqles\\OneDrive\\Рабочий стол\\rock star\\frontend-advanced\\src\\features\\AuthByUsername\\model\\selectors\\getLoginUsername\\getLoginUsername.ts","statementMap":{"0":{"start":{"line":3,"column":32},"end":{"line":4,"column":34}},"1":{"start":{"line":4,"column":2},"end":{"line":4,"column":34}}},"fnMap":{"0":{"name":"(anonymous_0)","decl":{"start":{"line":3,"column":32},"end":{"line":3,"column":33}},"loc":{"start":{"line":4,"column":2},"end":{"line":4,"column":34}},"line":4}},"branchMap":{"0":{"loc":{"start":{"line":4,"column":2},"end":{"line":4,"column":34}},"type":"binary-expr","locations":[{"start":{"line":4,"column":2},"end":{"line":4,"column":28}},{"start":{"line":4,"column":32},"end":{"line":4,"column":34}}],"line":4}},"s":{"0":1,"1":2},"f":{"0":2},"b":{"0":[2,1]},"_coverageSchema":"1a1c01bbd47fc00a2c39e90264f33305004495a9","hash":"89cd5bf4d6145f0c21da75d0061a317a09cfee48"}
,"C:\\Users\\iqles\\OneDrive\\Рабочий стол\\rock star\\frontend-advanced\\src\\features\\AuthByUsername\\model\\services\\loginByUsername\\loginByUsername.ts": {"path":"C:\\Users\\iqles\\OneDrive\\Рабочий стол\\rock star\\frontend-advanced\\src\\features\\AuthByUsername\\model\\services\\loginByUsername\\loginByUsername.ts","statementMap":{"0":{"start":{"line":17,"column":31},"end":{"line":37,"column":2}},"1":{"start":{"line":22,"column":47},"end":{"line":22,"column":55}},"2":{"start":{"line":23,"column":2},"end":{"line":36,"column":3}},"3":{"start":{"line":24,"column":21},"end":{"line":24,"column":67}},"4":{"start":{"line":26,"column":4},"end":{"line":28,"column":5}},"5":{"start":{"line":27,"column":6},"end":{"line":27,"column":24}},"6":{"start":{"line":29,"column":4},"end":{"line":29,"column":79}},"7":{"start":{"line":30,"column":4},"end":{"line":30,"column":53}},"8":{"start":{"line":32,"column":4},"end":{"line":32,"column":25}},"9":{"start":{"line":34,"column":4},"end":{"line":34,"column":23}},"10":{"start":{"line":35,"column":4},"end":{"line":35,"column":36}}},"fnMap":{"0":{"name":"(anonymous_0)","decl":{"start":{"line":21,"column":27},"end":{"line":21,"column":28}},"loc":{"start":{"line":21,"column":57},"end":{"line":37,"column":1}},"line":21}},"branchMap":{"0":{"loc":{"start":{"line":26,"column":4},"end":{"line":28,"column":5}},"type":"if","locations":[{"start":{"line":26,"column":4},"end":{"line":28,"column":5}},{"start":{},"end":{}}],"line":26}},"s":{"0":2,"1":2,"2":2,"3":2,"4":2,"5":1,"6":1,"7":1,"8":1,"9":1,"10":1},"f":{"0":2},"b":{"0":[1,1]},"_coverageSchema":"1a1c01bbd47fc00a2c39e90264f33305004495a9","hash":"2a624fb0db746a1f8482e80c17026d01c37e3cab"}
,"C:\\Users\\iqles\\OneDrive\\Рабочий стол\\rock star\\frontend-advanced\\src\\features\\AuthByUsername\\model\\slice\\loginSlice.ts": {"path":"C:\\Users\\iqles\\OneDrive\\Рабочий стол\\rock star\\frontend-advanced\\src\\features\\AuthByUsername\\model\\slice\\loginSlice.ts","statementMap":{"0":{"start":{"line":5,"column":34},"end":{"line":9,"column":1}},"1":{"start":{"line":11,"column":26},"end":{"line":36,"column":2}},"2":{"start":{"line":16,"column":6},"end":{"line":16,"column":38}},"3":{"start":{"line":19,"column":6},"end":{"line":19,"column":38}},"4":{"start":{"line":23,"column":4},"end":{"line":34,"column":9}},"5":{"start":{"line":25,"column":8},"end":{"line":25,"column":32}},"6":{"start":{"line":26,"column":8},"end":{"line":26,"column":31}},"7":{"start":{"line":29,"column":8},"end":{"line":29,"column":32}},"8":{"start":{"line":32,"column":8},"end":{"line":32,"column":32}},"9":{"start":{"line":33,"column":8},"end":{"line":33,"column":37}},"10":{"start":{"line":39,"column":41},"end":{"line":39,"column":51}},"11":{"start":{"line":40,"column":41},"end":{"line":40,"column":51}}},"fnMap":{"0":{"name":"(anonymous_0)","decl":{"start":{"line":15,"column":17},"end":{"line":15,"column":18}},"loc":{"start":{"line":15,"column":59},"end":{"line":17,"column":5}},"line":15},"1":{"name":"(anonymous_1)","decl":{"start":{"line":18,"column":17},"end":{"line":18,"column":18}},"loc":{"start":{"line":18,"column":59},"end":{"line":20,"column":5}},"line":18},"2":{"name":"(anonymous_2)","decl":{"start":{"line":22,"column":17},"end":{"line":22,"column":18}},"loc":{"start":{"line":22,"column":30},"end":{"line":35,"column":3}},"line":22},"3":{"name":"(anonymous_3)","decl":{"start":{"line":24,"column":40},"end":{"line":24,"column":41}},"loc":{"start":{"line":24,"column":51},"end":{"line":27,"column":7}},"line":24},"4":{"name":"(anonymous_4)","decl":{"start":{"line":28,"column":42},"end":{"line":28,"column":43}},"loc":{"start":{"line":28,"column":61},"end":{"line":30,"column":7}},"line":28},"5":{"name":"(anonymous_5)","decl":{"start":{"line":31,"column":41},"end":{"line":31,"column":42}},"loc":{"start":{"line":31,"column":60},"end":{"line":34,"column":7}},"line":31}},"branchMap":{},"s":{"0":1,"1":1,"2":1,"3":1,"4":1,"5":0,"6":0,"7":0,"8":0,"9":0,"10":1,"11":1},"f":{"0":1,"1":1,"2":1,"3":0,"4":0,"5":0},"b":{},"_coverageSchema":"1a1c01bbd47fc00a2c39e90264f33305004495a9","hash":"8037f00376845c6646a4056a4d7937b1a88717e5"}
,"C:\\Users\\iqles\\OneDrive\\Рабочий стол\\rock star\\frontend-advanced\\src\\features\\LangSwitcher\\LangSwitcher.tsx": {"path":"C:\\Users\\iqles\\OneDrive\\Рабочий стол\\rock star\\frontend-advanced\\src\\features\\LangSwitcher\\LangSwitcher.tsx","statementMap":{"0":{"start":{"line":11,"column":57},"end":{"line":27,"column":2}},"1":{"start":{"line":12,"column":31},"end":{"line":12,"column":36}},"2":{"start":{"line":13,"column":22},"end":{"line":13,"column":38}},"3":{"start":{"line":14,"column":17},"end":{"line":16,"column":3}},"4":{"start":{"line":15,"column":4},"end":{"line":15,"column":62}},"5":{"start":{"line":18,"column":2},"end":{"line":26,"column":4}}},"fnMap":{"0":{"name":"(anonymous_0)","decl":{"start":{"line":11,"column":62},"end":{"line":11,"column":63}},"loc":{"start":{"line":11,"column":73},"end":{"line":27,"column":1}},"line":11},"1":{"name":"(anonymous_1)","decl":{"start":{"line":14,"column":17},"end":{"line":14,"column":18}},"loc":{"start":{"line":14,"column":23},"end":{"line":16,"column":3}},"line":14}},"branchMap":{"0":{"loc":{"start":{"line":15,"column":24},"end":{"line":15,"column":60}},"type":"cond-expr","locations":[{"start":{"line":15,"column":49},"end":{"line":15,"column":53}},{"start":{"line":15,"column":56},"end":{"line":15,"column":60}}],"line":15},"1":{"loc":{"start":{"line":24,"column":9},"end":{"line":24,"column":42}},"type":"cond-expr","locations":[{"start":{"line":24,"column":17},"end":{"line":24,"column":29}},{"start":{"line":24,"column":32},"end":{"line":24,"column":42}}],"line":24}},"s":{"0":1,"1":3,"2":3,"3":3,"4":0,"5":3},"f":{"0":3,"1":0},"b":{"0":[0,0],"1":[1,2]},"_coverageSchema":"1a1c01bbd47fc00a2c39e90264f33305004495a9","hash":"41c9079687c4d3bfd8d586e41675253727223f30"}
,"C:\\Users\\iqles\\OneDrive\\Рабочий стол\\rock star\\frontend-advanced\\src\\features\\ScrollSave\\index.ts": {"path":"C:\\Users\\iqles\\OneDrive\\Рабочий стол\\rock star\\frontend-advanced\\src\\features\\ScrollSave\\index.ts","statementMap":{},"fnMap":{},"branchMap":{},"s":{},"f":{},"b":{},"_coverageSchema":"1a1c01bbd47fc00a2c39e90264f33305004495a9","hash":"ff7577323ea59ec36eb4df4d448785afaabd08dc"}
,"C:\\Users\\iqles\\OneDrive\\Рабочий стол\\rock star\\frontend-advanced\\src\\features\\ScrollSave\\model\\selectors\\scrollSave.ts": {"path":"C:\\Users\\iqles\\OneDrive\\Рабочий стол\\rock star\\frontend-advanced\\src\\features\\ScrollSave\\model\\selectors\\scrollSave.ts","statementMap":{"0":{"start":{"line":4,"column":29},"end":{"line":4,"column":76}},"1":{"start":{"line":4,"column":53},"end":{"line":4,"column":76}},"2":{"start":{"line":5,"column":31},"end":{"line":9,"column":1}},"3":{"start":{"line":7,"column":40},"end":{"line":7,"column":44}},"4":{"start":{"line":8,"column":20},"end":{"line":8,"column":37}}},"fnMap":{"0":{"name":"(anonymous_0)","decl":{"start":{"line":4,"column":29},"end":{"line":4,"column":30}},"loc":{"start":{"line":4,"column":53},"end":{"line":4,"column":76}},"line":4},"1":{"name":"(anonymous_1)","decl":{"start":{"line":7,"column":2},"end":{"line":7,"column":3}},"loc":{"start":{"line":7,"column":40},"end":{"line":7,"column":44}},"line":7},"2":{"name":"(anonymous_2)","decl":{"start":{"line":8,"column":2},"end":{"line":8,"column":3}},"loc":{"start":{"line":8,"column":20},"end":{"line":8,"column":37}},"line":8}},"branchMap":{"0":{"loc":{"start":{"line":8,"column":20},"end":{"line":8,"column":37}},"type":"binary-expr","locations":[{"start":{"line":8,"column":20},"end":{"line":8,"column":32}},{"start":{"line":8,"column":36},"end":{"line":8,"column":37}}],"line":8}},"s":{"0":3,"1":0,"2":3,"3":0,"4":0},"f":{"0":0,"1":0,"2":0},"b":{"0":[0,0]},"_coverageSchema":"1a1c01bbd47fc00a2c39e90264f33305004495a9","hash":"c5f7b218594935380e5e35d891ff67068a02b66a"}
,"C:\\Users\\iqles\\OneDrive\\Рабочий стол\\rock star\\frontend-advanced\\src\\features\\ScrollSave\\model\\slices\\ScrollSaveSlice.ts": {"path":"C:\\Users\\iqles\\OneDrive\\Рабочий стол\\rock star\\frontend-advanced\\src\\features\\ScrollSave\\model\\slices\\ScrollSaveSlice.ts","statementMap":{"0":{"start":{"line":4,"column":39},"end":{"line":6,"column":1}},"1":{"start":{"line":8,"column":31},"end":{"line":33,"column":2}},"2":{"start":{"line":16,"column":6},"end":{"line":16,"column":52}},"3":{"start":{"line":36,"column":46},"end":{"line":36,"column":61}},"4":{"start":{"line":37,"column":46},"end":{"line":37,"column":61}}},"fnMap":{"0":{"name":"(anonymous_0)","decl":{"start":{"line":12,"column":24},"end":{"line":12,"column":25}},"loc":{"start":{"line":15,"column":9},"end":{"line":17,"column":5}},"line":15}},"branchMap":{},"s":{"0":3,"1":3,"2":0,"3":3,"4":3},"f":{"0":0},"b":{},"_coverageSchema":"1a1c01bbd47fc00a2c39e90264f33305004495a9","hash":"2d6b5b14a600f559ab4829e02a6738408da7f94e"}
,"C:\\Users\\iqles\\OneDrive\\Рабочий стол\\rock star\\frontend-advanced\\src\\features\\ThemeSwitcher\\index.ts": {"path":"C:\\Users\\iqles\\OneDrive\\Рабочий стол\\rock star\\frontend-advanced\\src\\features\\ThemeSwitcher\\index.ts","statementMap":{},"fnMap":{},"branchMap":{},"s":{},"f":{},"b":{},"_coverageSchema":"1a1c01bbd47fc00a2c39e90264f33305004495a9","hash":"d8ad7c795333aba59dd4ce31f0b02762e6fea8b8"}
,"C:\\Users\\iqles\\OneDrive\\Рабочий стол\\rock star\\frontend-advanced\\src\\features\\ThemeSwitcher\\ui\\ThemeSwitcher.tsx": {"path":"C:\\Users\\iqles\\OneDrive\\Рабочий стол\\rock star\\frontend-advanced\\src\\features\\ThemeSwitcher\\ui\\ThemeSwitcher.tsx","statementMap":{"0":{"start":{"line":12,"column":59},"end":{"line":25,"column":2}},"1":{"start":{"line":13,"column":24},"end":{"line":13,"column":29}},"2":{"start":{"line":14,"column":33},"end":{"line":14,"column":43}},"3":{"start":{"line":16,"column":2},"end":{"line":24,"column":4}}},"fnMap":{"0":{"name":"(anonymous_0)","decl":{"start":{"line":12,"column":64},"end":{"line":12,"column":65}},"loc":{"start":{"line":12,"column":75},"end":{"line":25,"column":1}},"line":12}},"branchMap":{"0":{"loc":{"start":{"line":22,"column":7},"end":{"line":22,"column":58}},"type":"cond-expr","locations":[{"start":{"line":22,"column":30},"end":{"line":22,"column":43}},{"start":{"line":22,"column":46},"end":{"line":22,"column":58}}],"line":22}},"s":{"0":1,"1":2,"2":2,"3":2},"f":{"0":2},"b":{"0":[0,2]},"_coverageSchema":"1a1c01bbd47fc00a2c39e90264f33305004495a9","hash":"343e53edc1d4be29dbc01f69c5402805a9a63733"}
,"C:\\Users\\iqles\\OneDrive\\Рабочий стол\\rock star\\frontend-advanced\\src\\features\\editableProfileCard\\model\\consts\\consts.ts": {"path":"C:\\Users\\iqles\\OneDrive\\Рабочий стол\\rock star\\frontend-advanced\\src\\features\\editableProfileCard\\model\\consts\\consts.ts","statementMap":{},"fnMap":{},"branchMap":{},"s":{},"f":{},"b":{},"_coverageSchema":"1a1c01bbd47fc00a2c39e90264f33305004495a9","hash":"f70ff8e8a54414355352aa9abc3e74e4314a555b"}
,"C:\\Users\\iqles\\OneDrive\\Рабочий стол\\rock star\\frontend-advanced\\src\\features\\editableProfileCard\\model\\selectors\\getProfileData\\getProfileData.ts": {"path":"C:\\Users\\iqles\\OneDrive\\Рабочий стол\\rock star\\frontend-advanced\\src\\features\\editableProfileCard\\model\\selectors\\getProfileData\\getProfileData.ts","statementMap":{"0":{"start":{"line":3,"column":30},"end":{"line":3,"column":73}},"1":{"start":{"line":3,"column":54},"end":{"line":3,"column":73}}},"fnMap":{"0":{"name":"(anonymous_0)","decl":{"start":{"line":3,"column":30},"end":{"line":3,"column":31}},"loc":{"start":{"line":3,"column":54},"end":{"line":3,"column":73}},"line":3}},"branchMap":{},"s":{"0":2,"1":86},"f":{"0":86},"b":{},"_coverageSchema":"1a1c01bbd47fc00a2c39e90264f33305004495a9","hash":"817dcd2732debed5c593a8fd4f4f02493e7750f3"}
,"C:\\Users\\iqles\\OneDrive\\Рабочий стол\\rock star\\frontend-advanced\\src\\features\\editableProfileCard\\model\\selectors\\getProfileError\\getProfileError.ts": {"path":"C:\\Users\\iqles\\OneDrive\\Рабочий стол\\rock star\\frontend-advanced\\src\\features\\editableProfileCard\\model\\selectors\\getProfileError\\getProfileError.ts","statementMap":{"0":{"start":{"line":3,"column":31},"end":{"line":3,"column":75}},"1":{"start":{"line":3,"column":55},"end":{"line":3,"column":75}}},"fnMap":{"0":{"name":"(anonymous_0)","decl":{"start":{"line":3,"column":31},"end":{"line":3,"column":32}},"loc":{"start":{"line":3,"column":55},"end":{"line":3,"column":75}},"line":3}},"branchMap":{},"s":{"0":2,"1":86},"f":{"0":86},"b":{},"_coverageSchema":"1a1c01bbd47fc00a2c39e90264f33305004495a9","hash":"1b27253a0ae98b396ffe18f36368e976c0537260"}
,"C:\\Users\\iqles\\OneDrive\\Рабочий стол\\rock star\\frontend-advanced\\src\\features\\editableProfileCard\\model\\selectors\\getProfileForm\\getProfileForm.ts": {"path":"C:\\Users\\iqles\\OneDrive\\Рабочий стол\\rock star\\frontend-advanced\\src\\features\\editableProfileCard\\model\\selectors\\getProfileForm\\getProfileForm.ts","statementMap":{"0":{"start":{"line":3,"column":30},"end":{"line":3,"column":73}},"1":{"start":{"line":3,"column":54},"end":{"line":3,"column":73}}},"fnMap":{"0":{"name":"(anonymous_0)","decl":{"start":{"line":3,"column":30},"end":{"line":3,"column":31}},"loc":{"start":{"line":3,"column":54},"end":{"line":3,"column":73}},"line":3}},"branchMap":{},"s":{"0":4,"1":62},"f":{"0":62},"b":{},"_coverageSchema":"1a1c01bbd47fc00a2c39e90264f33305004495a9","hash":"e758b521b1a712f46806bf0497e550691ac73453"}
,"C:\\Users\\iqles\\OneDrive\\Рабочий стол\\rock star\\frontend-advanced\\src\\features\\editableProfileCard\\model\\selectors\\getProfileIsLoading\\getProfileIsLoading.ts": {"path":"C:\\Users\\iqles\\OneDrive\\Рабочий стол\\rock star\\frontend-advanced\\src\\features\\editableProfileCard\\model\\selectors\\getProfileIsLoading\\getProfileIsLoading.ts","statementMap":{"0":{"start":{"line":3,"column":35},"end":{"line":4,"column":26}},"1":{"start":{"line":4,"column":2},"end":{"line":4,"column":26}}},"fnMap":{"0":{"name":"(anonymous_0)","decl":{"start":{"line":3,"column":35},"end":{"line":3,"column":36}},"loc":{"start":{"line":4,"column":2},"end":{"line":4,"column":26}},"line":4}},"branchMap":{},"s":{"0":2,"1":83},"f":{"0":83},"b":{},"_coverageSchema":"1a1c01bbd47fc00a2c39e90264f33305004495a9","hash":"0cd016da2ae552f221b12cbd03d26674d4e8d5ba"}
,"C:\\Users\\iqles\\OneDrive\\Рабочий стол\\rock star\\frontend-advanced\\src\\features\\editableProfileCard\\model\\selectors\\getProfileReadonly\\getProfileReadonly.ts": {"path":"C:\\Users\\iqles\\OneDrive\\Рабочий стол\\rock star\\frontend-advanced\\src\\features\\editableProfileCard\\model\\selectors\\getProfileReadonly\\getProfileReadonly.ts","statementMap":{"0":{"start":{"line":3,"column":34},"end":{"line":4,"column":25}},"1":{"start":{"line":4,"column":2},"end":{"line":4,"column":25}}},"fnMap":{"0":{"name":"(anonymous_0)","decl":{"start":{"line":3,"column":34},"end":{"line":3,"column":35}},"loc":{"start":{"line":4,"column":2},"end":{"line":4,"column":25}},"line":4}},"branchMap":{},"s":{"0":2,"1":160},"f":{"0":160},"b":{},"_coverageSchema":"1a1c01bbd47fc00a2c39e90264f33305004495a9","hash":"39610dfe0c04b5c0bf00ae47c2a4d3bdd81be15e"}
,"C:\\Users\\iqles\\OneDrive\\Рабочий стол\\rock star\\frontend-advanced\\src\\features\\editableProfileCard\\model\\selectors\\getProfileValidateErrors\\getProfileValidateErrors.ts": {"path":"C:\\Users\\iqles\\OneDrive\\Рабочий стол\\rock star\\frontend-advanced\\src\\features\\editableProfileCard\\model\\selectors\\getProfileValidateErrors\\getProfileValidateErrors.ts","statementMap":{"0":{"start":{"line":3,"column":40},"end":{"line":4,"column":31}},"1":{"start":{"line":4,"column":2},"end":{"line":4,"column":31}}},"fnMap":{"0":{"name":"(anonymous_0)","decl":{"start":{"line":3,"column":40},"end":{"line":3,"column":41}},"loc":{"start":{"line":4,"column":2},"end":{"line":4,"column":31}},"line":4}},"branchMap":{},"s":{"0":2,"1":85},"f":{"0":85},"b":{},"_coverageSchema":"1a1c01bbd47fc00a2c39e90264f33305004495a9","hash":"44046363f7591d1de5b542dc77bb0a804e5c40db"}
,"C:\\Users\\iqles\\OneDrive\\Рабочий стол\\rock star\\frontend-advanced\\src\\features\\editableProfileCard\\model\\services\\fetchProfileData\\fetchProfileData.ts": {"path":"C:\\Users\\iqles\\OneDrive\\Рабочий стол\\rock star\\frontend-advanced\\src\\features\\editableProfileCard\\model\\services\\fetchProfileData\\fetchProfileData.ts","statementMap":{"0":{"start":{"line":5,"column":32},"end":{"line":22,"column":2}},"1":{"start":{"line":10,"column":37},"end":{"line":10,"column":45}},"2":{"start":{"line":11,"column":2},"end":{"line":21,"column":3}},"3":{"start":{"line":12,"column":21},"end":{"line":12,"column":74}},"4":{"start":{"line":14,"column":4},"end":{"line":16,"column":5}},"5":{"start":{"line":15,"column":6},"end":{"line":15,"column":24}},"6":{"start":{"line":17,"column":4},"end":{"line":17,"column":25}},"7":{"start":{"line":19,"column":4},"end":{"line":19,"column":23}},"8":{"start":{"line":20,"column":4},"end":{"line":20,"column":36}}},"fnMap":{"0":{"name":"(anonymous_0)","decl":{"start":{"line":9,"column":30},"end":{"line":9,"column":31}},"loc":{"start":{"line":9,"column":61},"end":{"line":22,"column":1}},"line":9}},"branchMap":{"0":{"loc":{"start":{"line":14,"column":4},"end":{"line":16,"column":5}},"type":"if","locations":[{"start":{"line":14,"column":4},"end":{"line":16,"column":5}},{"start":{},"end":{}}],"line":14}},"s":{"0":3,"1":2,"2":2,"3":2,"4":2,"5":1,"6":1,"7":1,"8":1},"f":{"0":2},"b":{"0":[1,1]},"_coverageSchema":"1a1c01bbd47fc00a2c39e90264f33305004495a9","hash":"efe94c6f802d5ff3efd56ed09d1dde3ac8c19a54"}
,"C:\\Users\\iqles\\OneDrive\\Рабочий стол\\rock star\\frontend-advanced\\src\\features\\editableProfileCard\\model\\services\\updateProfileData\\updateProfileData.ts": {"path":"C:\\Users\\iqles\\OneDrive\\Рабочий стол\\rock star\\frontend-advanced\\src\\features\\editableProfileCard\\model\\services\\updateProfileData\\updateProfileData.ts","statementMap":{"0":{"start":{"line":8,"column":33},"end":{"line":37,"column":2}},"1":{"start":{"line":13,"column":47},"end":{"line":13,"column":55}},"2":{"start":{"line":15,"column":19},"end":{"line":15,"column":45}},"3":{"start":{"line":17,"column":17},"end":{"line":17,"column":46}},"4":{"start":{"line":19,"column":2},"end":{"line":21,"column":3}},"5":{"start":{"line":20,"column":4},"end":{"line":20,"column":35}},"6":{"start":{"line":22,"column":2},"end":{"line":36,"column":3}},"7":{"start":{"line":23,"column":21},"end":{"line":26,"column":5}},"8":{"start":{"line":28,"column":4},"end":{"line":30,"column":5}},"9":{"start":{"line":29,"column":6},"end":{"line":29,"column":24}},"10":{"start":{"line":32,"column":4},"end":{"line":32,"column":25}},"11":{"start":{"line":34,"column":4},"end":{"line":34,"column":23}},"12":{"start":{"line":35,"column":4},"end":{"line":35,"column":64}}},"fnMap":{"0":{"name":"(anonymous_0)","decl":{"start":{"line":12,"column":31},"end":{"line":12,"column":32}},"loc":{"start":{"line":12,"column":54},"end":{"line":37,"column":1}},"line":12}},"branchMap":{"0":{"loc":{"start":{"line":19,"column":2},"end":{"line":21,"column":3}},"type":"if","locations":[{"start":{"line":19,"column":2},"end":{"line":21,"column":3}},{"start":{},"end":{}}],"line":19},"1":{"loc":{"start":{"line":28,"column":4},"end":{"line":30,"column":5}},"type":"if","locations":[{"start":{"line":28,"column":4},"end":{"line":30,"column":5}},{"start":{},"end":{}}],"line":28}},"s":{"0":3,"1":5,"2":5,"3":5,"4":5,"5":2,"6":3,"7":3,"8":2,"9":1,"10":1,"11":1,"12":1},"f":{"0":5},"b":{"0":[2,3],"1":[1,1]},"_coverageSchema":"1a1c01bbd47fc00a2c39e90264f33305004495a9","hash":"5bed1480d20d9f74d4ce087a35b269ef96fce467"}
,"C:\\Users\\iqles\\OneDrive\\Рабочий стол\\rock star\\frontend-advanced\\src\\features\\editableProfileCard\\model\\services\\validateProfileData\\validateProfileData.ts": {"path":"C:\\Users\\iqles\\OneDrive\\Рабочий стол\\rock star\\frontend-advanced\\src\\features\\editableProfileCard\\model\\services\\validateProfileData\\validateProfileData.ts","statementMap":{"0":{"start":{"line":4,"column":35},"end":{"line":21,"column":1}},"1":{"start":{"line":5,"column":2},"end":{"line":7,"column":3}},"2":{"start":{"line":6,"column":4},"end":{"line":6,"column":42}},"3":{"start":{"line":8,"column":48},"end":{"line":8,"column":55}},"4":{"start":{"line":9,"column":41},"end":{"line":9,"column":43}},"5":{"start":{"line":11,"column":2},"end":{"line":13,"column":3}},"6":{"start":{"line":12,"column":4},"end":{"line":12,"column":58}},"7":{"start":{"line":14,"column":2},"end":{"line":16,"column":3}},"8":{"start":{"line":15,"column":4},"end":{"line":15,"column":52}},"9":{"start":{"line":17,"column":2},"end":{"line":19,"column":3}},"10":{"start":{"line":18,"column":4},"end":{"line":18,"column":56}},"11":{"start":{"line":20,"column":2},"end":{"line":20,"column":16}}},"fnMap":{"0":{"name":"(anonymous_0)","decl":{"start":{"line":4,"column":35},"end":{"line":4,"column":36}},"loc":{"start":{"line":4,"column":58},"end":{"line":21,"column":1}},"line":4}},"branchMap":{"0":{"loc":{"start":{"line":5,"column":2},"end":{"line":7,"column":3}},"type":"if","locations":[{"start":{"line":5,"column":2},"end":{"line":7,"column":3}},{"start":{},"end":{}}],"line":5},"1":{"loc":{"start":{"line":11,"column":2},"end":{"line":13,"column":3}},"type":"if","locations":[{"start":{"line":11,"column":2},"end":{"line":13,"column":3}},{"start":{},"end":{}}],"line":11},"2":{"loc":{"start":{"line":11,"column":6},"end":{"line":11,"column":29}},"type":"binary-expr","locations":[{"start":{"line":11,"column":6},"end":{"line":11,"column":16}},{"start":{"line":11,"column":20},"end":{"line":11,"column":29}}],"line":11},"3":{"loc":{"start":{"line":14,"column":2},"end":{"line":16,"column":3}},"type":"if","locations":[{"start":{"line":14,"column":2},"end":{"line":16,"column":3}},{"start":{},"end":{}}],"line":14},"4":{"loc":{"start":{"line":14,"column":6},"end":{"line":14,"column":36}},"type":"binary-expr","locations":[{"start":{"line":14,"column":6},"end":{"line":14,"column":10}},{"start":{"line":14,"column":14},"end":{"line":14,"column":36}}],"line":14},"5":{"loc":{"start":{"line":17,"column":2},"end":{"line":19,"column":3}},"type":"if","locations":[{"start":{"line":17,"column":2},"end":{"line":19,"column":3}},{"start":{},"end":{}}],"line":17}},"s":{"0":4,"1":9,"2":0,"3":9,"4":9,"5":9,"6":4,"7":9,"8":2,"9":9,"10":1,"11":9},"f":{"0":9},"b":{"0":[0,9],"1":[4,5],"2":[9,5],"3":[2,7],"4":[9,7],"5":[1,8]},"_coverageSchema":"1a1c01bbd47fc00a2c39e90264f33305004495a9","hash":"3c30ba610d46b5419224a006e8751fb2fba550c1"}
,"C:\\Users\\iqles\\OneDrive\\Рабочий стол\\rock star\\frontend-advanced\\src\\features\\editableProfileCard\\model\\slice\\profileSlice.ts": {"path":"C:\\Users\\iqles\\OneDrive\\Рабочий стол\\rock star\\frontend-advanced\\src\\features\\editableProfileCard\\model\\slice\\profileSlice.ts","statementMap":{"0":{"start":{"line":7,"column":36},"end":{"line":12,"column":1}},"1":{"start":{"line":14,"column":28},"end":{"line":70,"column":2}},"2":{"start":{"line":19,"column":6},"end":{"line":19,"column":38}},"3":{"start":{"line":22,"column":6},"end":{"line":22,"column":28}},"4":{"start":{"line":23,"column":6},"end":{"line":23,"column":39}},"5":{"start":{"line":24,"column":6},"end":{"line":24,"column":30}},"6":{"start":{"line":27,"column":6},"end":{"line":30,"column":8}},"7":{"start":{"line":34,"column":4},"end":{"line":68,"column":9}},"8":{"start":{"line":36,"column":8},"end":{"line":36,"column":32}},"9":{"start":{"line":37,"column":8},"end":{"line":37,"column":31}},"10":{"start":{"line":42,"column":10},"end":{"line":42,"column":34}},"11":{"start":{"line":43,"column":10},"end":{"line":43,"column":38}},"12":{"start":{"line":44,"column":10},"end":{"line":44,"column":38}},"13":{"start":{"line":48,"column":8},"end":{"line":48,"column":32}},"14":{"start":{"line":49,"column":8},"end":{"line":49,"column":37}},"15":{"start":{"line":52,"column":8},"end":{"line":52,"column":41}},"16":{"start":{"line":53,"column":8},"end":{"line":53,"column":31}},"17":{"start":{"line":58,"column":10},"end":{"line":58,"column":34}},"18":{"start":{"line":59,"column":10},"end":{"line":59,"column":38}},"19":{"start":{"line":60,"column":10},"end":{"line":60,"column":38}},"20":{"start":{"line":61,"column":10},"end":{"line":61,"column":32}},"21":{"start":{"line":62,"column":10},"end":{"line":62,"column":43}},"22":{"start":{"line":66,"column":8},"end":{"line":66,"column":32}},"23":{"start":{"line":67,"column":8},"end":{"line":67,"column":46}},"24":{"start":{"line":73,"column":43},"end":{"line":73,"column":55}},"25":{"start":{"line":74,"column":43},"end":{"line":74,"column":55}}},"fnMap":{"0":{"name":"(anonymous_0)","decl":{"start":{"line":18,"column":17},"end":{"line":18,"column":18}},"loc":{"start":{"line":18,"column":60},"end":{"line":20,"column":5}},"line":18},"1":{"name":"(anonymous_1)","decl":{"start":{"line":21,"column":16},"end":{"line":21,"column":17}},"loc":{"start":{"line":21,"column":27},"end":{"line":25,"column":5}},"line":21},"2":{"name":"(anonymous_2)","decl":{"start":{"line":26,"column":19},"end":{"line":26,"column":20}},"loc":{"start":{"line":26,"column":62},"end":{"line":31,"column":5}},"line":26},"3":{"name":"(anonymous_3)","decl":{"start":{"line":33,"column":17},"end":{"line":33,"column":18}},"loc":{"start":{"line":33,"column":30},"end":{"line":69,"column":3}},"line":33},"4":{"name":"(anonymous_4)","decl":{"start":{"line":35,"column":41},"end":{"line":35,"column":42}},"loc":{"start":{"line":35,"column":52},"end":{"line":38,"column":7}},"line":35},"5":{"name":"(anonymous_5)","decl":{"start":{"line":41,"column":8},"end":{"line":41,"column":9}},"loc":{"start":{"line":41,"column":51},"end":{"line":45,"column":9}},"line":41},"6":{"name":"(anonymous_6)","decl":{"start":{"line":47,"column":42},"end":{"line":47,"column":43}},"loc":{"start":{"line":47,"column":61},"end":{"line":50,"column":7}},"line":47},
[...]
,"C:\\Users\\iqles\\OneDrive\\Рабочий стол\\rock star\\frontend-advanced\\src\\shared\\ui\\Input\\Input.tsx": {"path":"C:\\Users\\iqles\\OneDrive\\Рабочий стол\\rock star\\frontend-advanced\\src\\shared\\ui\\Input\\Input.tsx","statementMap":{"0":{"start":{"line":18,"column":43},"end":{"line":61,"column":2}},"1":{"start":{"line":28,"column":6},"end":{"line":28,"column":11}},"2":{"start":{"line":30,"column":26},"end":{"line":32,"column":3}},"3":{"start":{"line":31,"column":4},"end":{"line":31,"column":31}},"4":{"start":{"line":33,"column":19},"end":{"line":33,"column":49}},"5":{"start":{"line":35,"column":2},"end":{"line":39,"column":18}},"6":{"start":{"line":36,"column":4},"end":{"line":38,"column":5}},"7":{"start":{"line":37,"column":6},"end":{"line":37,"column":56}},"8":{"start":{"line":37,"column":23},"end":{"line":37,"column":49}},"9":{"start":{"line":41,"column":21},"end":{"line":43,"column":3}},"10":{"start":{"line":45,"column":2},"end":{"line":60,"column":4}}},"fnMap":{"0":{"name":"(anonymous_0)","decl":{"start":{"line":18,"column":48},"end":{"line":18,"column":49}},"loc":{"start":{"line":18,"column":59},"end":{"line":61,"column":1}},"line":18},"1":{"name":"(anonymous_1)","decl":{"start":{"line":30,"column":26},"end":{"line":30,"column":27}},"loc":{"start":{"line":30,"column":70},"end":{"line":32,"column":3}},"line":30},"2":{"name":"(anonymous_2)","decl":{"start":{"line":35,"column":12},"end":{"line":35,"column":13}},"loc":{"start":{"line":35,"column":18},"end":{"line":39,"column":3}},"line":35},"3":{"name":"(anonymous_3)","decl":{"start":{"line":37,"column":17},"end":{"line":37,"column":18}},"loc":{"start":{"line":37,"column":23},"end":{"line":37,"column":49}},"line":37}},"branchMap":{"0":{"loc":{"start":{"line":23,"column":4},"end":{"line":23,"column":17}},"type":"default-arg","locations":[{"start":{"line":23,"column":11},"end":{"line":23,"column":17}}],"line":23},"1":{"loc":{"start":{"line":36,"column":4},"end":{"line":38,"column":5}},"type":"if","locations":[{"start":{"line":36,"column":4},"end":{"line":38,"column":5}},{"start":{},"end":{}}],"line":36},"2":{"loc":{"start":{"line":47,"column":7},"end":{"line":49,"column":7}},"type":"binary-expr","locations":[{"start":{"line":47,"column":7},"end":{"line":47,"column":18}},{"start":{"line":48,"column":8},"end":{"line":48,"column":66}}],"line":47}},"s":{"0":1,"1":78,"2":78,"3":28,"4":78,"5":78,"6":25,"7":0,"8":0,"9":78,"10":78},"f":{"0":78,"1":28,"2":25,"3":0},"b":{"0":[78],"1":[0,25],"2":[78,78]},"_coverageSchema":"1a1c01bbd47fc00a2c39e90264f33305004495a9","hash":"83f288f0d124b9191757d2c84e926cdc3a2ba6e2"}
,"C:\\Users\\iqles\\OneDrive\\Рабочий стол\\rock star\\frontend-advanced\\src\\shared\\ui\\Loader\\Loader.tsx": {"path":"C:\\Users\\iqles\\OneDrive\\Рабочий стол\\rock star\\frontend-advanced\\src\\shared\\ui\\Loader\\Loader.tsx","statementMap":{"0":{"start":{"line":8,"column":45},"end":{"line":23,"column":1}},"1":{"start":{"line":9,"column":24},"end":{"line":9,"column":29}},"2":{"start":{"line":11,"column":2},"end":{"line":22,"column":4}}},"fnMap":{"0":{"name":"(anonymous_0)","decl":{"start":{"line":8,"column":45},"end":{"line":8,"column":46}},"loc":{"start":{"line":8,"column":56},"end":{"line":23,"column":1}},"line":8}},"branchMap":{},"s":{"0":1,"1":2,"2":2},"f":{"0":2},"b":{},"_coverageSchema":"1a1c01bbd47fc00a2c39e90264f33305004495a9","hash":"ce6318751360105a9d57ab308dba3b8d8475372d"}
,"C:\\Users\\iqles\\OneDrive\\Рабочий стол\\rock star\\frontend-advanced\\src\\shared\\ui\\Popups\\styles\\consts.ts": {"path":"C:\\Users\\iqles\\OneDrive\\Рабочий стол\\rock star\\frontend-advanced\\src\\shared\\ui\\Popups\\styles\\consts.ts","statementMap":{"0":{"start":{"line":4,"column":68},"end":{"line":9,"column":1}}},"fnMap":{},"branchMap":{},"s":{"0":7},"f":{},"b":{},"_coverageSchema":"1a1c01bbd47fc00a2c39e90264f33305004495a9","hash":"4b69460ae17343ded3ad8b938de80337bcebaf98"}
,"C:\\Users\\iqles\\OneDrive\\Рабочий стол\\rock star\\frontend-advanced\\src\\shared\\ui\\Popups\\ui\\ListBox\\ListBox.tsx": {"path":"C:\\Users\\iqles\\OneDrive\\Рабочий стол\\rock star\\frontend-advanced\\src\\shared\\ui\\Popups\\ui\\ListBox\\ListBox.tsx","statementMap":{"0":{"start":{"line":38,"column":6},"end":{"line":38,"column":11}},"1":{"start":{"line":39,"column":25},"end":{"line":39,"column":55}},"2":{"start":{"line":40,"column":2},"end":{"line":79,"column":4}},"3":{"start":{"line":57,"column":12},"end":{"line":74,"column":30}},"4":{"start":{"line":64,"column":16},"end":{"line":72,"column":21}}},"fnMap":{"0":{"name":"ListBox","decl":{"start":{"line":28,"column":16},"end":{"line":28,"column":23}},"loc":{"start":{"line":28,"column":45},"end":{"line":80,"column":1}},"line":28},"1":{"name":"(anonymous_1)","decl":{"start":{"line":56,"column":22},"end":{"line":56,"column":23}},"loc":{"start":{"line":57,"column":12},"end":{"line":74,"column":30}},"line":57},"2":{"name":"(anonymous_2)","decl":{"start":{"line":63,"column":15},"end":{"line":63,"column":16}},"loc":{"start":{"line":64,"column":16},"end":{"line":72,"column":21}},"line":64}},"branchMap":{"0":{"loc":{"start":{"line":37,"column":4},"end":{"line":37,"column":29}},"type":"default-arg","locations":[{"start":{"line":37,"column":16},"end":{"line":37,"column":29}}],"line":37},"1":{"loc":{"start":{"line":42,"column":7},"end":{"line":42,"column":42}},"type":"binary-expr","locations":[{"start":{"line":42,"column":7},"end":{"line":42,"column":12}},{"start":{"line":42,"column":16},"end":{"line":42,"column":42}}],"line":42},"2":{"loc":{"start":{"line":51,"column":39},"end":{"line":51,"column":60}},"type":"binary-expr","locations":[{"start":{"line":51,"column":39},"end":{"line":51,"column":44}},{"start":{"line":51,"column":48},"end":{"line":51,"column":60}}],"line":51},"3":{"loc":{"start":{"line":70,"column":19},"end":{"line":70,"column":35}},"type":"binary-expr","locations":[{"start":{"line":70,"column":19},"end":{"line":70,"column":27}},{"start":{"line":70,"column":31},"end":{"line":70,"column":35}}],"line":70}},"s":{"0":11,"1":10,"2":10,"3":40,"4":0},"f":{"0":11,"1":40,"2":0},"b":{"0":[0],"1":[10,10],"2":[10,0],"3":[0,0]},"_coverageSchema":"1a1c01bbd47fc00a2c39e90264f33305004495a9","hash":"b482e980a2f449e43e016bf4c6880e8591d34e75"}
,"C:\\Users\\iqles\\OneDrive\\Рабочий стол\\rock star\\frontend-advanced\\src\\shared\\ui\\Skeleton\\Skeleton.tsx": {"path":"C:\\Users\\iqles\\OneDrive\\Рабочий стол\\rock star\\frontend-advanced\\src\\shared\\ui\\Skeleton\\Skeleton.tsx","statementMap":{"0":{"start":{"line":12,"column":49},"end":{"line":27,"column":1}},"1":{"start":{"line":13,"column":47},"end":{"line":13,"column":52}},"2":{"start":{"line":15,"column":32},"end":{"line":19,"column":3}},"3":{"start":{"line":21,"column":2},"end":{"line":26,"column":4}}},"fnMap":{"0":{"name":"(anonymous_0)","decl":{"start":{"line":12,"column":49},"end":{"line":12,"column":50}},"loc":{"start":{"line":12,"column":60},"end":{"line":27,"column":1}},"line":12}},"branchMap":{},"s":{"0":2,"1":0,"2":0,"3":0},"f":{"0":0},"b":{},"_coverageSchema":"1a1c01bbd47fc00a2c39e90264f33305004495a9","hash":"34c32f0db7c5589bfbf2867d192e4254539012ab"}
,"C:\\Users\\iqles\\OneDrive\\Рабочий стол\\rock star\\frontend-advanced\\src\\shared\\ui\\Stack\\index.ts": {"path":"C:\\Users\\iqles\\OneDrive\\Рабочий стол\\rock star\\frontend-advanced\\src\\shared\\ui\\Stack\\index.ts","statementMap":{},"fnMap":{},"branchMap":{},"s":{},"f":{},"b":{},"_coverageSchema":"1a1c01bbd47fc00a2c39e90264f33305004495a9","hash":"56610a30b4b1dc47a35af487316467bb99ecd778"}
,"C:\\Users\\iqles\\OneDrive\\Рабочий стол\\rock star\\frontend-advanced\\src\\shared\\ui\\Stack\\Flex\\Flex.tsx": {"path":"C:\\Users\\iqles\\OneDrive\\Рабочий стол\\rock star\\frontend-advanced\\src\\shared\\ui\\Stack\\Flex\\Flex.tsx","statementMap":{"0":{"start":{"line":10,"column":52},"end":{"line":15,"column":1}},"1":{"start":{"line":16,"column":48},"end":{"line":20,"column":1}},"2":{"start":{"line":21,"column":56},"end":{"line":24,"column":1}},"3":{"start":{"line":25,"column":44},"end":{"line":30,"column":1}},"4":{"start":{"line":47,"column":20},"end":{"line":71,"column":1}},"5":{"start":{"line":56,"column":6},"end":{"line":56,"column":11}},"6":{"start":{"line":58,"column":18},"end":{"line":64,"column":3}},"7":{"start":{"line":66,"column":21},"end":{"line":68,"column":3}},"8":{"start":{"line":70,"column":2},"end":{"line":70,"column":79}}},"fnMap":{"0":{"name":"(anonymous_0)","decl":{"start":{"line":47,"column":20},"end":{"line":47,"column":21}},"loc":{"start":{"line":47,"column":42},"end":{"line":71,"column":1}},"line":47}},"branchMap":{"0":{"loc":{"start":{"line":51,"column":4},"end":{"line":51,"column":21}},"type":"default-arg","locations":[{"start":{"line":51,"column":14},"end":{"line":51,"column":21}}],"line":51},"1":{"loc":{"start":{"line":52,"column":4},"end":{"line":52,"column":20}},"type":"default-arg","locations":[{"start":{"line":52,"column":12},"end":{"line":52,"column":20}}],"line":52},"2":{"loc":{"start":{"line":53,"column":4},"end":{"line":53,"column":21}},"type":"default-arg","locations":[{"start":{"line":53,"column":16},"end":{"line":53,"column":21}}],"line":53},"3":{"loc":{"start":{"line":63,"column":4},"end":{"line":63,"column":26}},"type":"binary-expr","locations":[{"start":{"line":63,"column":4},"end":{"line":63,"column":7}},{"start":{"line":63,"column":11},"end":{"line":63,"column":26}}],"line":63}},"s":{"0":10,"1":10,"2":10,"3":10,"4":10,"5":207,"6":206,"7":206,"8":206},"f":{"0":207},"b":{"0":[126],"1":[125],"2":[0],"3":[206,126]},"_coverageSchema":"1a1c01bbd47fc00a2c39e90264f33305004495a9","hash":"417fb9cd1e0e7ccbe24b3729e1f4e3e7ed4180bc"}
,"C:\\Users\\iqles\\OneDrive\\Рабочий стол\\rock star\\frontend-advanced\\src\\shared\\ui\\Stack\\HStack\\HStack.tsx": {"path":"C:\\Users\\iqles\\OneDrive\\Рабочий стол\\rock star\\frontend-advanced\\src\\shared\\ui\\Stack\\HStack\\HStack.tsx","statementMap":{"0":{"start":{"line":5,"column":45},"end":{"line":7,"column":1}},"1":{"start":{"line":6,"column":2},"end":{"line":6,"column":45}}},"fnMap":{"0":{"name":"(anonymous_0)","decl":{"start":{"line":5,"column":45},"end":{"line":5,"column":46}},"loc":{"start":{"line":5,"column":56},"end":{"line":7,"column":1}},"line":5}},"branchMap":{},"s":{"0":10,"1":126},"f":{"0":126},"b":{},"_coverageSchema":"1a1c01bbd47fc00a2c39e90264f33305004495a9","hash":"706d12fe4fa745a1fee30ffe012d74d27793c1ea"}
,"C:\\Users\\iqles\\OneDrive\\Рабочий стол\\rock star\\frontend-advanced\\src\\shared\\ui\\Stack\\VStack\\VStack.tsx": {"path":"C:\\Users\\iqles\\OneDrive\\Рабочий стол\\rock star\\frontend-advanced\\src\\shared\\ui\\Stack\\VStack\\VStack.tsx","statementMap":{"0":{"start":{"line":5,"column":45},"end":{"line":8,"column":1}},"1":{"start":{"line":6,"column":30},"end":{"line":6,"column":35}},"2":{"start":{"line":7,"column":2},"end":{"line":7,"column":62}}},"fnMap":{"0":{"name":"(anonymous_0)","decl":{"start":{"line":5,"column":45},"end":{"line":5,"column":46}},"loc":{"start":{"line":5,"column":56},"end":{"line":8,"column":1}},"line":5}},"branchMap":{"0":{"loc":{"start":{"line":6,"column":10},"end":{"line":6,"column":25}},"type":"default-arg","locations":[{"start":{"line":6,"column":18},"end":{"line":6,"column":25}}],"line":6}},"s":{"0":10,"1":82,"2":81},"f":{"0":82},"b":{"0":[81]},"_coverageSchema":"1a1c01bbd47fc00a2c39e90264f33305004495a9","hash":"3949993e3dd00e3a6f65c6729806f80e7b203661"}
,"C:\\Users\\iqles\\OneDrive\\Рабочий стол\\rock star\\frontend-advanced\\src\\shared\\ui\\Text\\Text.tsx": {"path":"C:\\Users\\iqles\\OneDrive\\Рабочий стол\\rock star\\frontend-advanced\\src\\shared\\ui\\Text\\Text.tsx","statementMap":{"0":{"start":{"line":37,"column":58},"end":{"line":41,"column":1}},"1":{"start":{"line":43,"column":41},"end":{"line":76,"column":2}},"2":{"start":{"line":52,"column":6},"end":{"line":52,"column":11}},"3":{"start":{"line":54,"column":20},"end":{"line":54,"column":42}},"4":{"start":{"line":56,"column":21},"end":{"line":60,"column":3}},"5":{"start":{"line":62,"column":2},"end":{"line":75,"column":4}}},"fnMap":{"0":{"name":"(anonymous_0)","decl":{"start":{"line":43,"column":46},"end":{"line":43,"column":47}},"loc":{"start":{"line":43,"column":57},"end":{"line":76,"column":1}},"line":43}},"branchMap":{"0":{"loc":{"start":{"line":48,"column":4},"end":{"line":48,"column":29}},"type":"default-arg","locations":[{"start":{"line":48,"column":12},"end":{"line":48,"column":29}}],"line":48},"1":{"loc":{"start":{"line":49,"column":4},"end":{"line":49,"column":26}},"type":"default-arg","locations":[{"start":{"line":49,"column":12},"end":{"line":49,"column":26}}],"line":49},"2":{"loc":{"start":{"line":50,"column":4},"end":{"line":50,"column":21}},"type":"default-arg","locations":[{"start":{"line":50,"column":11},"end":{"line":50,"column":21}}],"line":50},"3":{"loc":{"start":{"line":51,"column":19},"end":{"line":51,"column":38}},"type":"default-arg","locations":[{"start":{"line":51,"column":32},"end":{"line":51,"column":38}}],"line":51},"4":{"loc":{"start":{"line":64,"column":7},"end":{"line":68,"column":7}},"type":"binary-expr","locations":[{"start":{"line":64,"column":7},"end":{"line":64,"column":12}},{"start":{"line":65,"column":8},"end":{"line":67,"column":20}}],"line":64},"5":{"loc":{"start":{"line":69,"column":7},"end":{"line":73,"column":7}},"type":"binary-expr","locations":[{"start":{"line":69,"column":7},"end":{"line":69,"column":11}},{"start":{"line":70,"column":8},"end":{"line":72,"column":12}}],"line":69}},"s":{"0":3,"1":3,"2":5,"3":5,"4":5,"5":5},"f":{"0":5},"b":{"0":[4],"1":[5],"2":[5],"3":[4],"4":[5,4],"5":[5,1]},"_coverageSchema":"1a1c01bbd47fc00a2c39e90264f33305004495a9","hash":"8151bad8f1d47c6839913e5f98a5216fd5f54217"}
,"C:\\Users\\iqles\\OneDrive\\Рабочий стол\\rock star\\frontend-advanced\\src\\widgets\\Sidebar\\model\\selectors\\getSideBarItems.ts": {"path":"C:\\Users\\iqles\\OneDrive\\Рабочий стол\\rock star\\frontend-advanced\\src\\widgets\\Sidebar\\model\\selectors\\getSideBarItems.ts","statementMap":{"0":{"start":{"line":15,"column":31},"end":{"line":45,"column":2}},"1":{"start":{"line":16,"column":46},"end":{"line":27,"column":3}},"2":{"start":{"line":28,"column":2},"end":{"line":43,"column":3}},"3":{"start":{"line":29,"column":4},"end":{"line":42,"column":6}},"4":{"start":{"line":44,"column":2},"end":{"line":44,"column":26}}},"fnMap":{"0":{"name":"(anonymous_0)","decl":{"start":{"line":15,"column":63},"end":{"line":15,"column":64}},"loc":{"start":{"line":15,"column":77},"end":{"line":45,"column":1}},"line":15}},"branchMap":{"0":{"loc":{"start":{"line":28,"column":2},"end":{"line":43,"column":3}},"type":"if","locations":[{"start":{"line":28,"column":2},"end":{"line":43,"column":3}},{"start":{},"end":{}}],"line":28}},"s":{"0":1,"1":1,"2":1,"3":0,"4":1},"f":{"0":1},"b":{"0":[0,1]},"_coverageSchema":"1a1c01bbd47fc00a2c39e90264f33305004495a9","hash":"3a20c2a00d2498055f4261fab48232ef4c8bfade"}
,"C:\\Users\\iqles\\OneDrive\\Рабочий стол\\rock star\\frontend-advanced\\src\\widgets\\Sidebar\\ui\\Sidebar\\Sidebar.tsx": {"path":"C:\\Users\\iqles\\OneDrive\\Рабочий стол\\rock star\\frontend-advanced\\src\\widgets\\Sidebar\\ui\\Sidebar\\Sidebar.tsx","statementMap":{"0":{"start":{"line":16,"column":47},"end":{"line":60,"column":2}},"1":{"start":{"line":17,"column":24},"end":{"line":17,"column":29}},"2":{"start":{"line":18,"column":36},"end":{"line":18,"column":51}},"3":{"start":{"line":19,"column":27},"end":{"line":19,"column":55}},"4":{"start":{"line":21,"column":19},"end":{"line":23,"column":3}},"5":{"start":{"line":22,"column":4},"end":{"line":22,"column":34}},"6":{"start":{"line":22,"column":27},"end":{"line":22,"column":32}},"7":{"start":{"line":25,"column":20},"end":{"line":31,"column":3}},"8":{"start":{"line":27,"column":6},"end":{"line":29,"column":8}},"9":{"start":{"line":28,"column":8},"end":{"line":28,"column":73}},"10":{"start":{"line":33,"column":2},"end":{"line":59,"column":4}}},"fnMap":{"0":{"name":"(anonymous_0)","decl":{"start":{"line":16,"column":52},"end":{"line":16,"column":53}},"loc":{"start":{"line":16,"column":63},"end":{"line":60,"column":1}},"line":16},"1":{"name":"(anonymous_1)","decl":{"start":{"line":21,"column":19},"end":{"line":21,"column":20}},"loc":{"start":{"line":21,"column":25},"end":{"line":23,"column":3}},"line":21},"2":{"name":"(anonymous_2)","decl":{"start":{"line":22,"column":17},"end":{"line":22,"column":18}},"loc":{"start":{"line":22,"column":27},"end":{"line":22,"column":32}},"line":22},"3":{"name":"(anonymous_3)","decl":{"start":{"line":26,"column":4},"end":{"line":26,"column":5}},"loc":{"start":{"line":27,"column":6},"end":{"line":29,"column":8}},"line":27},"4":{"name":"(anonymous_4)","decl":{"start":{"line":27,"column":27},"end":{"line":27,"column":28}},"loc":{"start":{"line":28,"column":8},"end":{"line":28,"column":73}},"line":28}},"branchMap":{"0":{"loc":{"start":{"line":48,"column":9},"end":{"line":48,"column":30}},"type":"cond-expr","locations":[{"start":{"line":48,"column":21},"end":{"line":48,"column":24}},{"start":{"line":48,"column":27},"end":{"line":48,"column":30}}],"line":48}},"s":{"0":1,"1":3,"2":3,"3":3,"4":3,"5":1,"6":1,"7":3,"8":3,"9":6,"10":3},"f":{"0":3,"1":1,"2":1,"3":3,"4":6},"b":{"0":[1,2]},"_coverageSchema":"1a1c01bbd47fc00a2c39e90264f33305004495a9","hash":"5f324626745f26bc98100631f00fa336f856a82f"}
,"C:\\Users\\iqles\\OneDrive\\Рабочий стол\\rock star\\frontend-advanced\\src\\widgets\\Sidebar\\ui\\SidebarItem\\SidebarItem.tsx": {"path":"C:\\Users\\iqles\\OneDrive\\Рабочий стол\\rock star\\frontend-advanced\\src\\widgets\\Sidebar\\ui\\SidebarItem\\SidebarItem.tsx","statementMap":{"0":{"start":{"line":15,"column":55},"end":{"line":34,"column":2}},"1":{"start":{"line":16,"column":30},"end":{"line":16,"column":35}},"2":{"start":{"line":17,"column":16},"end":{"line":17,"column":32}},"3":{"start":{"line":19,"column":17},"end":{"line":19,"column":45}},"4":{"start":{"line":21,"column":2},"end":{"line":23,"column":3}},"5":{"start":{"line":22,"column":4},"end":{"line":22,"column":16}},"6":{"start":{"line":24,"column":2},"end":{"line":33,"column":4}}},"fnMap":{"0":{"name":"(anonymous_0)","decl":{"start":{"line":15,"column":60},"end":{"line":15,"column":61}},"loc":{"start":{"line":15,"column":71},"end":{"line":34,"column":1}},"line":15}},"branchMap":{"0":{"loc":{"start":{"line":21,"column":2},"end":{"line":23,"column":3}},"type":"if","locations":[{"start":{"line":21,"column":2},"end":{"line":23,"column":3}},{"start":{},"end":{}}],"line":21},"1":{"loc":{"start":{"line":21,"column":6},"end":{"line":21,"column":30}},"type":"binary-expr","locations":[{"start":{"line":21,"column":6},"end":{"line":21,"column":19}},{"start":{"line":21,"column":23},"end":{"line":21,"column":30}}],"line":21}},"s":{"0":1,"1":6,"2":6,"3":6,"4":6,"5":0,"6":6},"f":{"0":6},"b":{"0":[0,6],"1":[6,0]},"_coverageSchema":"1a1c01bbd47fc00a2c39e90264f33305004495a9","hash":"d37b22f142f221a74c1538a58a8402ab867b63cc"}
}
