TN:
SF:config\jest\jestEmptyComponent.tsx
FN:3,(anonymous_0)
FNF:1
FNH:1
FNDA:8,(anonymous_0)
DA:3,3
DA:4,8
LF:2
LH:2
BRF:0
BRH:0
end_of_record
TN:
SF:src\app\providers\StoreProvider\index.ts
FNF:0
FNH:0
LF:0
LH:0
BRF:0
BRH:0
end_of_record
TN:
SF:src\app\providers\StoreProvider\config\reducerManager.ts
FN:14,createReducerManager
FN:27,(anonymous_1)
FN:28,(anonymous_2)
FN:29,(anonymous_3)
FN:41,(anonymous_4)
FN:52,(anonymous_5)
FNF:6
FNH:4
FNDA:9,createReducerManager
FNDA:0,(anonymous_1)
FNDA:4,(anonymous_2)
FNDA:57,(anonymous_3)
FNDA:8,(anonymous_4)
FNDA:0,(anonymous_5)
DA:17,9
DA:19,9
DA:21,9
DA:23,9
DA:25,9
DA:27,0
DA:28,4
DA:30,57
DA:31,0
DA:32,0
DA:33,0
DA:35,0
DA:38,57
DA:42,8
DA:43,8
DA:46,0
DA:47,0
DA:49,0
DA:53,0
DA:54,0
DA:57,0
DA:58,0
DA:60,0
DA:62,0
LF:24
LH:10
BRDA:30,0,0,0
BRDA:30,0,1,57
BRDA:42,1,0,8
BRDA:42,1,1,0
BRDA:42,2,0,8
BRDA:42,2,1,8
BRDA:53,3,0,0
BRDA:53,3,1,0
BRDA:53,4,0,0
BRDA:53,4,1,0
BRF:10
BRH:4
end_of_record
TN:
SF:src\app\providers\StoreProvider\config\store.ts
FN:16,createReduxStore
FN:39,(anonymous_1)
FNF:2
FNH:2
FNDA:9,createReduxStore
FNDA:9,(anonymous_1)
DA:20,9
DA:29,9
DA:31,9
DA:35,9
DA:40,9
DA:48,9
DA:50,9
LF:7
LH:7
BRF:0
BRH:0
end_of_record
TN:
SF:src\app\providers\StoreProvider\ui\StoreProvider.tsx
FN:14,(anonymous_0)
FNF:1
FNH:1
FNDA:10,(anonymous_0)
DA:14,3
DA:15,10
DA:17,9
DA:22,9
LF:4
LH:4
BRF:0
BRH:0
end_of_record
TN:
SF:src\app\providers\ThemeProvider\index.ts
FNF:0
FNH:0
LF:0
LH:0
BRF:0
BRH:0
end_of_record
TN:
SF:src\app\providers\ThemeProvider\lib\ThemeContext.ts
FNF:0
FNH:0
DA:14,1
DA:16,1
LF:2
LH:2
BRF:0
BRH:0
end_of_record
TN:
SF:src\app\providers\ThemeProvider\lib\useTheme.ts
FN:8,useTheme
FN:10,(anonymous_1)
FNF:2
FNH:1
FNDA:2,useTheme
FNDA:0,(anonymous_1)
DA:9,2
DA:10,2
DA:12,0
DA:14,0
DA:15,0
DA:17,0
DA:18,0
DA:20,0
DA:21,0
DA:23,0
DA:24,0
DA:26,0
DA:27,0
DA:29,2
LF:14
LH:3
BRDA:12,0,0,0
BRDA:12,0,1,0
BRDA:12,0,2,0
BRDA:12,0,3,0
BRDA:30,1,0,2
BRDA:30,1,1,2
BRF:6
BRH:2
end_of_record
TN:
SF:src\app\providers\ThemeProvider\ui\ThemeProvider.tsx
FN:15,(anonymous_0)
FN:20,(anonymous_1)
FNF:2
FNH:0
FNDA:0,(anonymous_0)
FNDA:0,(anonymous_1)
DA:9,1
DA:15,1
DA:16,0
DA:17,0
DA:19,0
DA:20,0
DA:23,0
LF:7
LH:2
BRDA:9,0,0,1
BRDA:9,0,1,1
BRF:2
BRH:2
end_of_record
TN:
SF:src\app\providers\ThemeProvider\ui\ThemeProviderDecorator.tsx
FN:10,(anonymous_0)
FN:16,(anonymous_1)
FN:21,(anonymous_2)
FNF:3
FNH:0
FNDA:0,(anonymous_0)
FNDA:0,(anonymous_1)
FNDA:0,(anonymous_2)
DA:10,1
DA:14,0
DA:16,0
DA:17,0
DA:20,0
DA:21,0
DA:28,0
LF:7
LH:1
BRDA:17,0,0,0
BRDA:17,0,1,0
BRF:2
BRH:0
end_of_record
TN:
SF:src\entities\Article\index.ts
FNF:0
FNH:0
LF:0
LH:0
BRF:0
BRH:0
end_of_record
TN:
SF:src\entities\Article\model\consts\consts.ts
FNF:0
FNH:0
LF:0
LH:0
BRF:0
BRH:0
end_of_record
TN:
SF:src\entities\Article\model\selectors\articleDetails.ts
FN:3,(anonymous_0)
FN:5,(anonymous_1)
FN:7,(anonymous_2)
FNF:3
FNH:3
FNDA:2,(anonymous_0)
FNDA:2,(anonymous_1)
FNDA:2,(anonymous_2)
DA:3,3
DA:4,2
DA:5,3
DA:6,2
DA:7,3
DA:8,2
LF:6
LH:6
BRDA:8,0,0,2
BRDA:8,0,1,1
BRF:2
BRH:2
end_of_record
TN:
SF:src\entities\Article\model\services\fetchArticleById\fetchArticleById.ts
FN:9,(anonymous_0)
FNF:1
FNH:0
FNDA:0,(anonymous_0)
DA:5,2
DA:10,0
DA:12,0
DA:13,0
DA:14,0
DA:16,0
DA:22,0
DA:23,0
DA:25,0
DA:27,0
DA:28,0
LF:11
LH:1
BRDA:13,0,0,0
BRDA:13,0,1,0
BRDA:22,1,0,0
BRDA:22,1,1,0
BRF:4
BRH:0
end_of_record
TN:
SF:src\entities\Article\model\slice\articleDetailsSlice.ts
FN:16,(anonymous_0)
FN:18,(anonymous_1)
FN:24,(anonymous_2)
FN:29,(anonymous_3)
FNF:4
FNH:0
FNDA:0,(anonymous_0)
FNDA:0,(anonymous_1)
FNDA:0,(anonymous_2)
FNDA:0,(anonymous_3)
DA:6,2
DA:12,2
DA:17,0
DA:19,0
DA:20,0
DA:25,0
DA:26,0
DA:30,0
DA:31,0
DA:37,2
DA:38,2
LF:11
LH:4
BRF:0
BRH:0
end_of_record
TN:
SF:src\entities\Article\ui\ArticleCodeBlockComponent\ArticleCodeBlockComponent.tsx
FN:13,(anonymous_0)
FNF:1
FNH:0
FNDA:0,(anonymous_0)
DA:13,2
DA:14,0
DA:15,0
LF:3
LH:1
BRF:0
BRH:0
end_of_record
TN:
SF:src\entities\Article\ui\ArticleDetails\ArticleDetails.tsx
FN:39,(anonymous_0)
FN:49,(anonymous_1)
FN:80,(anonymous_2)
FNF:3
FNH:0
FNDA:0,(anonymous_0)
FNDA:0,(anonymous_1)
FNDA:0,(anonymous_2)
DA:35,2
DA:39,2
DA:40,0
DA:41,0
DA:42,0
DA:44,0
DA:45,0
DA:46,0
DA:49,0
DA:50,0
DA:52,0
DA:60,0
DA:68,0
DA:76,0
DA:80,0
DA:81,0
DA:82,0
DA:88,0
DA:89,0
DA:103,0
DA:104,0
DA:106,0
DA:132,0
LF:23
LH:2
BRDA:50,0,0,0
BRDA:50,0,1,0
BRDA:50,0,2,0
BRDA:50,0,3,0
BRDA:81,1,0,0
BRDA:81,1,1,0
BRDA:88,2,0,0
BRDA:88,2,1,0
BRDA:103,3,0,0
BRDA:103,3,1,0
BRF:10
BRH:0
end_of_record
TN:
SF:src\entities\Article\ui\ArticleImageBlockComponent\ArticleImageBlockComponent.tsx
FN:13,(anonymous_0)
FNF:1
FNH:0
FNDA:0,(anonymous_0)
DA:13,2
DA:14,0
DA:16,0
LF:3
LH:1
BRDA:21,0,0,0
BRDA:21,0,1,0
BRF:2
BRH:0
end_of_record
TN:
SF:src\entities\Article\ui\ArticleList\ArticleList.tsx
FN:19,(anonymous_0)
FN:22,(anonymous_1)
FN:27,(anonymous_2)
FN:45,(anonymous_3)
FNF:4
FNH:0
FNDA:0,(anonymous_0)
FNDA:0,(anonymous_1)
FNDA:0,(anonymous_2)
FNDA:0,(anonymous_3)
DA:19,2
DA:20,0
DA:23,0
DA:27,2
DA:34,0
DA:35,0
DA:45,0
DA:46,0
DA:57,0
DA:58,0
DA:65,0
LF:11
LH:2
BRDA:20,0,0,0
BRDA:20,0,1,0
BRDA:32,1,0,0
BRDA:57,2,0,0
BRDA:57,2,1,0
BRDA:57,3,0,0
BRDA:57,3,1,0
BRDA:67,4,0,0
BRDA:67,4,1,0
BRDA:68,5,0,0
BRDA:68,5,1,0
BRF:11
BRH:0
end_of_record
TN:
SF:src\entities\Article\ui\ArticleListItem\ArticleListItem.tsx
FN:26,(anonymous_0)
FN:40,(anonymous_1)
FNF:2
FNH:0
FNDA:0,(anonymous_0)
FNDA:0,(anonymous_1)
DA:26,2
DA:27,0
DA:28,0
DA:30,0
DA:32,0
DA:38,0
DA:39,0
DA:40,0
DA:42,0
DA:72,0
LF:10
LH:1
BRDA:38,0,0,0
BRDA:38,0,1,0
BRDA:55,1,0,0
BRDA:55,1,1,0
BRF:4
BRH:0
end_of_record
TN:
SF:src\entities\Article\ui\ArticleListItem\ArticleListItemSkeleton.tsx
FN:12,(anonymous_0)
FNF:1
FNH:0
FNDA:0,(anonymous_0)
DA:12,2
DA:15,0
DA:17,0
DA:18,0
DA:38,0
LF:5
LH:1
BRDA:17,0,0,0
BRDA:17,0,1,0
BRF:2
BRH:0
end_of_record
TN:
SF:src\entities\Article\ui\ArticleTextBlockComponent\ArticleTextBlockComponent.tsx
FN:13,(anonymous_0)
FN:20,(anonymous_1)
FNF:2
FNH:0
FNDA:0,(anonymous_0)
FNDA:0,(anonymous_1)
DA:13,2
DA:14,0
DA:15,0
DA:21,0
LF:4
LH:1
BRDA:19,0,0,0
BRDA:19,0,1,0
BRF:2
BRH:0
end_of_record
TN:
SF:src\entities\Counter\index.ts
FNF:0
FNH:0
LF:0
LH:0
BRF:0
BRH:0
end_of_record
TN:
SF:src\entities\Counter\model\selectors\getCounter\getCounter.ts
FN:3,(anonymous_0)
FNF:1
FNH:1
FNDA:5,(anonymous_0)
DA:3,5
LF:1
LH:1
BRF:0
BRH:0
end_of_record
TN:
SF:src\entities\Counter\model\selectors\getCounterValue\getCounterValue.ts
FN:7,(anonymous_0)
FNF:1
FNH:1
FNDA:4,(anonymous_0)
DA:5,4
DA:7,4
LF:2
LH:2
BRF:0
BRH:0
end_of_record
TN:
SF:src\entities\Counter\model\slice\counterSlice.ts
FN:12,(anonymous_0)
FN:15,(anonymous_1)
FNF:2
FNH:2
FNDA:2,(anonymous_0)
FNDA:1,(anonymous_1)
DA:4,4
DA:8,4
DA:13,2
DA:16,1
DA:22,4
DA:23,4
LF:6
LH:6
BRF:0
BRH:0
end_of_record
TN:
SF:src\entities\Counter\ui\Counter.tsx
FN:6,(anonymous_0)
FN:10,(anonymous_1)
FN:13,(anonymous_2)
FNF:3
FNH:1
FNDA:3,(anonymous_0)
FNDA:0,(anonymous_1)
FNDA:0,(anonymous_2)
DA:6,3
DA:7,3
DA:8,3
DA:10,3
DA:11,0
DA:13,3
DA:14,0
DA:16,3
LF:8
LH:6
BRF:0
BRH:0
end_of_record
TN:
SF:src\entities\Country\index.ts
FNF:0
FNH:0
LF:0
LH:0
BRF:0
BRH:0
end_of_record
TN:
SF:src\entities\Country\model\types\country.ts
FNF:0
FNH:0
LF:0
LH:0
BRF:0
BRH:0
end_of_record
TN:
SF:src\entities\Country\ui\CountrySelect.tsx
FN:22,(anonymous_0)
FN:27,(anonymous_1)
FNF:2
FNH:1
FNDA:11,(anonymous_0)
FNDA:0,(anonymous_1)
DA:15,7
DA:22,7
DA:23,11
DA:24,10
DA:26,10
DA:28,0
DA:33,10
LF:7
LH:6
BRF:0
BRH:0
end_of_record
TN:
SF:src\entities\Profile\index.ts
FNF:0
FNH:0
LF:0
LH:0
BRF:0
BRH:0
end_of_record
TN:
SF:src\entities\Profile\ui\ProfileCard\ProfileCard.tsx
FN:27,(anonymous_0)
FNF:1
FNH:1
FNDA:41,(anonymous_0)
DA:27,1
DA:40,41
DA:41,40
DA:43,40
DA:44,2
DA:55,38
DA:56,0
DA:72,38
DA:76,38
LF:9
LH:8
BRDA:43,0,0,2
BRDA:43,0,1,38
BRDA:55,1,0,0
BRDA:55,1,1,38
BRDA:82,2,0,38
BRDA:82,2,1,38
BRF:6
BRH:5
end_of_record
TN:
SF:src\entities\User\index.ts
FNF:0
FNH:0
LF:0
LH:0
BRF:0
BRH:0
end_of_record
TN:
SF:src\entities\User\model\consts\consts.ts
FNF:0
FNH:0
LF:0
LH:0
BRF:0
BRH:0
end_of_record
TN:
SF:src\entities\User\model\selectors\getUserAuthData.ts
FN:3,(anonymous_0)
FNF:1
FNH:1
FNDA:90,(anonymous_0)
DA:3,90
LF:1
LH:1
BRF:0
BRH:0
end_of_record
TN:
SF:src\entities\User\model\selectors\getUserInited.ts
FN:3,(anonymous_0)
FNF:1
FNH:0
FNDA:0,(anonymous_0)
DA:3,5
LF:1
LH:1
BRF:0
BRH:0
end_of_record
TN:
SF:src\entities\User\model\selectors\roleSelectors.ts
FN:5,(anonymous_0)
FN:7,(anonymous_1)
FN:10,(anonymous_2)
FNF:3
FNH:0
FNDA:0,(anonymous_0)
FNDA:0,(anonymous_1)
FNDA:0,(anonymous_2)
DA:5,5
DA:7,5
DA:8,0
DA:10,5
DA:11,0
LF:5
LH:3
BRF:0
BRH:0
end_of_record
TN:
SF:src\entities\User\model\slice\userSlice.ts
FN:13,(anonymous_0)
FN:16,(anonymous_1)
FN:23,(anonymous_2)
FNF:3
FNH:0
FNDA:0,(anonymous_0)
FNDA:0,(anonymous_1)
FNDA:0,(anonymous_2)
DA:5,5
DA:9,5
DA:14,0
DA:17,0
DA:18,0
DA:19,0
DA:21,0
DA:24,0
DA:25,0
DA:31,5
DA:32,5
LF:11
LH:4
BRDA:18,0,0,0
BRDA:18,0,1,0
BRF:2
BRH:0
end_of_record
TN:
SF:src\features\AuthByUsername\model\selectors\getLoginError\getLoginError.ts
FN:3,(anonymous_0)
FNF:1
FNH:1
FNDA:2,(anonymous_0)
DA:3,2
LF:1
LH:1
BRF:0
BRH:0
end_of_record
TN:
SF:src\features\AuthByUsername\model\selectors\getLoginIsLoading\getLoginIsLoading.ts
FN:3,(anonymous_0)
FNF:1
FNH:1
FNDA:2,(anonymous_0)
DA:3,1
DA:4,2
LF:2
LH:2
BRDA:4,0,0,2
BRDA:4,0,1,1
BRF:2
BRH:2
end_of_record
TN:
SF:src\features\AuthByUsername\model\selectors\getLoginPassword\getLoginPassword.ts
FN:3,(anonymous_0)
FNF:1
FNH:1
FNDA:2,(anonymous_0)
DA:3,1
DA:4,2
LF:2
LH:2
BRDA:4,0,0,2
BRDA:4,0,1,1
BRF:2
BRH:2
end_of_record
TN:
SF:src\features\AuthByUsername\model\selectors\getLoginUsername\getLoginUsername.ts
FN:3,(anonymous_0)
FNF:1
FNH:1
FNDA:2,(anonymous_0)
DA:3,1
DA:4,2
LF:2
LH:2
BRDA:4,0,0,2
BRDA:4,0,1,1
BRF:2
BRH:2
end_of_record
TN:
SF:src\features\AuthByUsername\model\services\loginByUsername\loginByUsername.ts
FN:21,(anonymous_0)
FNF:1
FNH:1
FNDA:2,(anonymous_0)
DA:17,2
DA:22,2
DA:23,2
DA:24,2
DA:26,2
DA:27,1
DA:29,1
DA:30,1
DA:32,1
DA:34,1
DA:35,1
LF:11
LH:11
BRDA:26,0,0,1
BRDA:26,0,1,1
BRF:2
BRH:2
end_of_record
TN:
SF:src\features\AuthByUsername\model\slice\loginSlice.ts
FN:15,(anonymous_0)
FN:18,(anonymous_1)
FN:22,(anonymous_2)
FN:24,(anonymous_3)
FN:28,(anonymous_4)
FN:31,(anonymous_5)
FNF:6
FNH:3
FNDA:1,(anonymous_0)
FNDA:1,(anonymous_1)
FNDA:1,(anonymous_2)
FNDA:0,(anonymous_3)
FNDA:0,(anonymous_4)
FNDA:0,(anonymous_5)
DA:5,1
DA:11,1
DA:16,1
DA:19,1
DA:23,1
DA:25,0
DA:26,0
DA:29,0
DA:32,0
DA:33,0
DA:39,1
DA:40,1
LF:12
LH:7
BRF:0
BRH:0
end_of_record
TN:
SF:src\features\LangSwitcher\LangSwitcher.tsx
FN:11,(anonymous_0)
FN:14,(anonymous_1)
FNF:2
FNH:1
FNDA:3,(anonymous_0)
FNDA:0,(anonymous_1)
DA:11,1
DA:12,3
DA:13,3
DA:14,3
DA:15,0
DA:18,3
LF:6
LH:5
BRDA:15,0,0,0
BRDA:15,0,1,0
BRDA:24,1,0,1
BRDA:24,1,1,2
BRF:4
BRH:2
end_of_record
TN:
SF:src\features\ScrollSave\index.ts
FNF:0
FNH:0
LF:0
LH:0
BRF:0
BRH:0
end_of_record
TN:
SF:src\features\ScrollSave\model\selectors\scrollSave.ts
FN:4,(anonymous_0)
FN:7,(anonymous_1)
FN:8,(anonymous_2)
FNF:3
FNH:0
FNDA:0,(anonymous_0)
FNDA:0,(anonymous_1)
FNDA:0,(anonymous_2)
DA:4,3
DA:5,3
DA:7,0
DA:8,0
LF:4
LH:2
BRDA:8,0,0,0
BRDA:8,0,1,0
BRF:2
BRH:0
end_of_record
TN:
SF:src\features\ScrollSave\model\slices\ScrollSaveSlice.ts
FN:12,(anonymous_0)
FNF:1
FNH:0
FNDA:0,(anonymous_0)
DA:4,3
DA:8,3
DA:16,0
DA:36,3
DA:37,3
LF:5
LH:4
BRF:0
BRH:0
end_of_record
TN:
SF:src\features\ThemeSwitcher\index.ts
FNF:0
FNH:0
LF:0
LH:0
BRF:0
BRH:0
end_of_record
TN:
SF:src\features\ThemeSwitcher\ui\ThemeSwitcher.tsx
FN:12,(anonymous_0)
FNF:1
FNH:1
FNDA:2,(anonymous_0)
DA:12,1
DA:13,2
DA:14,2
DA:16,2
LF:4
LH:4
BRDA:22,0,0,0
BRDA:22,0,1,2
BRF:2
BRH:1
end_of_record
TN:
SF:src\features\editableProfileCard\model\consts\consts.ts
FNF:0
FNH:0
LF:0
LH:0
BRF:0
BRH:0
end_of_record
TN:
SF:src\features\editableProfileCard\model\selectors\getProfileData\getProfileData.ts
FN:3,(anonymous_0)
FNF:1
FNH:1
FNDA:86,(anonymous_0)
DA:3,86
LF:1
LH:1
BRF:0
BRH:0
end_of_record
TN:
SF:src\features\editableProfileCard\model\selectors\getProfileError\getProfileError.ts
FN:3,(anonymous_0)
FNF:1
FNH:1
FNDA:86,(anonymous_0)
DA:3,86
LF:1
LH:1
BRF:0
BRH:0
end_of_record
TN:
SF:src\features\editableProfileCard\model\selectors\getProfileForm\getProfileForm.ts
FN:3,(anonymous_0)
FNF:1
FNH:1
FNDA:62,(anonymous_0)
DA:3,62
LF:1
LH:1
BRF:0
BRH:0
end_of_record
TN:
SF:src\features\editableProfileCard\model\selectors\getProfileIsLoading\getProfileIsLoading.ts
FN:3,(anonymous_0)
FNF:1
FNH:1
FNDA:83,(anonymous_0)
DA:3,2
DA:4,83
LF:2
LH:2
BRF:0
BRH:0
end_of_record
TN:
SF:src\features\editableProfileCard\model\selectors\getProfileReadonly\getProfileReadonly.ts
FN:3,(anonymous_0)
FNF:1
FNH:1
FNDA:160,(anonymous_0)
DA:3,2
DA:4,160
LF:2
LH:2
BRF:0
BRH:0
end_of_record
TN:
SF:src\features\editableProfileCard\model\selectors\getProfileValidateErrors\getProfileValidateErrors.ts
FN:3,(anonymous_0)
FNF:1
FNH:1
FNDA:85,(anonymous_0)
DA:3,2
DA:4,85
LF:2
LH:2
BRF:0
BRH:0
end_of_record
TN:
SF:src\features\editableProfileCard\model\services\fetchProfileData\fetchProfileData.ts
FN:9,(anonymous_0)
FNF:1
FNH:1
FNDA:2,(anonymous_0)
DA:5,3
DA:10,2
DA:11,2
DA:12,2
DA:14,2
DA:15,1
DA:17,1
DA:19,1
DA:20,1
LF:9
LH:9
BRDA:14,0,0,1
BRDA:14,0,1,1
BRF:2
BRH:2
end_of_record
TN:
SF:src\features\editableProfileCard\model\services\updateProfileData\updateProfileData.ts
FN:12,(anonymous_0)
FNF:1
FNH:1
FNDA:5,(anonymous_0)
DA:8,3
DA:13,5
DA:15,5
DA:17,5
DA:19,5
DA:20,2
DA:22,3
DA:23,3
DA:28,2
DA:29,1
DA:32,1
DA:34,1
DA:35,1
LF:13
LH:13
BRDA:19,0,0,2
BRDA:19,0,1,3
BRDA:28,1,0,1
BRDA:28,1,1,1
BRF:4
BRH:4
end_of_record
TN:
SF:src\features\editableProfileCard\model\services\validateProfileData\validateProfileData.ts
FN:4,(anonymous_0)
FNF:1
FNH:1
FNDA:9,(anonymous_0)
DA:4,4
DA:5,9
DA:6,0
DA:8,9
DA:9,9
DA:11,9
DA:12,4
DA:14,9
DA:15,2
DA:17,9
DA:18,1
DA:20,9
LF:12
LH:11
BRDA:5,0,0,0
BRDA:5,0,1,9
BRDA:11,1,0,4
BRDA:11,1,1,5
BRDA:11,2,0,9
BRDA:11,2,1,5
BRDA:14,3,0,2
BRDA:14,3,1,7
BRDA:14,4,0,9
BRDA:14,4,1,7
BRDA:17,5,0,1
BRDA:17,5,1,8
BRF:12
BRH:11
end_of_record
TN:
SF:src\features\editableProfileCard\model\slice\profileSlice.ts
FN:18,(anonymous_0)
FN:21,(anonymous_1)
FN:26,(anonymous_2)
FN:33,(anonymous_3)
FN:35,(anonymous_4)
FN:41,(anonymous_5)
FN:47,(anonymous_6)
FN:51,(anonymous_7)
FN:57,(anonymous_8)
FN:65,(anonymous_9)
FNF:10
FNH:7
FNDA:5,(anonymous_0)
FNDA:2,(anonymous_1)
FNDA:29,(anonymous_2)
FNDA:2,(anonymous_3)
FNDA:0,(anonymous_4)
FNDA:0,(anonymous_5)
FNDA:0,(anonymous_6)
FNDA:3,(anonymous_7)
FNDA:1,(anonymous_8)
FNDA:1,(anonymous_9)
DA:7,2
DA:14,2
DA:19,5
DA:22,2
DA:23,2
DA:24,2
DA:27,29
DA:34,2
DA:36,0
DA:37,0
DA:42,0
DA:43,0
DA:44,0
DA:48,0
DA:49,0
DA:52,3
DA:53,3
DA:58,1
DA:59,1
DA:60,1
DA:61,1
DA:62,1
DA:66,1
DA:67,1
DA:73,2
DA:74,2
LF:26
LH:19
BRF:0
BRH:0
end_of_record
TN:
SF:src\features\editableProfileCard\ui\EditableProfileCard\EditableProfileCard.tsx
FN:33,(anonymous_0)
FN:53,(anonymous_1)
FN:58,(anonymous_2)
FN:65,(anonymous_3)
FN:72,(anonymous_4)
FN:79,(anonymous_5)
FN:86,(anonymous_6)
FN:93,(anonymous_7)
FN:104,(anonymous_8)
FNF:9
FNH:4
FNDA:41,(anonymous_0)
FNDA:0,(anonymous_1)
FNDA:16,(anonymous_2)
FNDA:12,(anonymous_3)
FNDA:0,(anonymous_4)
FNDA:0,(anonymous_5)
FNDA:0,(anonymous_6)
FNDA:0,(anonymous_7)
FNDA:1,(anonymous_8)
DA:24,1
DA:33,1
DA:36,41
DA:37,40
DA:38,40
DA:39,40
DA:40,40
DA:41,40
DA:42,40
DA:43,40
DA:45,40
DA:53,40
DA:54,0
DA:57,40
DA:59,16
DA:64,40
DA:66,12
DA:71,40
DA:73,0
DA:78,40
DA:80,0
DA:85,40
DA:87,0
DA:92,40
DA:94,0
DA:99,40
DA:105,1
LF:27
LH:22
BRDA:54,0,0,0
BRDA:54,0,1,0
BRDA:59,1,0,16
BRDA:59,1,1,2
BRDA:66,2,0,12
BRDA:66,2,1,1
BRDA:73,3,0,0
BRDA:73,3,1,0
BRDA:80,4,0,0
BRDA:80,4,1,0
BRDA:87,5,0,0
BRDA:87,5,1,0
BRDA:103,6,0,40
BRDA:103,6,1,1
BRF:14
BRH:6
end_of_record
TN:
SF:src\features\editableProfileCard\ui\EditableProfileCardHeader\EditableProfileCardHeader.tsx
FN:21,(anonymous_0)
FN:33,(anonymous_1)
FN:37,(anonymous_2)
FN:41,(anonymous_3)
FNF:4
FNH:4
FNDA:40,(anonymous_0)
FNDA:4,(anonymous_1)
FNDA:2,(anonymous_2)
FNDA:1,(anonymous_3)
DA:21,1
DA:22,40
DA:23,40
DA:25,40
DA:28,40
DA:29,40
DA:30,40
DA:31,40
DA:33,40
DA:34,4
DA:37,40
DA:38,2
DA:41,40
DA:42,1
DA:45,40
LF:15
LH:15
BRDA:48,0,0,40
BRDA:48,0,1,40
BRDA:50,1,0,5
BRDA:50,1,1,35
BRF:4
BRH:4
end_of_record
TN:
SF:src\pages\ArticlesPage\model\selectors\articlesPageSelectors.ts
FN:4,(anonymous_0)
FN:6,(anonymous_1)
FN:8,(anonymous_2)
FN:10,(anonymous_3)
FN:12,(anonymous_4)
FN:14,(anonymous_5)
FN:16,(anonymous_6)
FN:18,(anonymous_7)
FN:20,(anonymous_8)
FN:22,(anonymous_9)
FN:24,(anonymous_10)
FNF:11
FNH:3
FNDA:2,(anonymous_0)
FNDA:0,(anonymous_1)
FNDA:0,(anonymous_2)
FNDA:2,(anonymous_3)
FNDA:0,(anonymous_4)
FNDA:2,(anonymous_5)
FNDA:0,(anonymous_6)
FNDA:0,(anonymous_7)
FNDA:0,(anonymous_8)
FNDA:0,(anonymous_9)
FNDA:0,(anonymous_10)
DA:4,2
DA:5,2
DA:6,2
DA:7,0
DA:8,2
DA:9,0
DA:10,2
DA:11,2
DA:12,2
DA:13,0
DA:14,2
DA:15,2
DA:16,2
DA:17,0
DA:18,2
DA:19,0
DA:20,2
DA:21,0
DA:22,2
DA:23,0
DA:24,2
DA:25,0
LF:22
LH:14
BRDA:5,0,0,2
BRDA:5,0,1,2
BRDA:9,1,0,0
BRDA:9,1,1,0
BRDA:11,2,0,2
BRDA:11,2,1,0
BRDA:13,3,0,0
BRDA:13,3,1,0
BRDA:19,4,0,0
BRDA:19,4,1,0
BRDA:21,5,0,0
BRDA:21,5,1,0
BRDA:23,6,0,0
BRDA:23,6,1,0
BRDA:25,7,0,0
BRDA:25,7,1,0
BRF:16
BRH:3
end_of_record
TN:
SF:src\pages\ArticlesPage\model\services\fetchArticlesList\fetchArticlesList.ts
FN:22,(anonymous_0)
FNF:1
FNH:0
FNDA:0,(anonymous_0)
DA:18,1
DA:23,0
DA:24,0
DA:25,0
DA:26,0
DA:27,0
DA:28,0
DA:29,0
DA:31,0
DA:32,0
DA:38,0
DA:50,0
DA:51,0
DA:53,0
DA:55,0
LF:15
LH:1
BRDA:46,0,0,0
BRDA:46,0,1,0
BRDA:50,1,0,0
BRDA:50,1,1,0
BRF:4
BRH:0
end_of_record
TN:
SF:src\pages\ArticlesPage\model\services\fetchNextArticlesPage\fetchNextArticlesPage.tsx
FN:15,(anonymous_0)
FNF:1
FNH:1
FNDA:2,(anonymous_0)
DA:11,1
DA:16,2
DA:17,2
DA:18,2
DA:19,2
DA:20,2
DA:22,2
DA:23,1
DA:24,1
LF:9
LH:9
BRDA:22,0,0,1
BRDA:22,0,1,1
BRDA:22,1,0,2
BRDA:22,1,1,1
BRF:4
BRH:4
end_of_record
TN:
SF:src\pages\ArticlesPage\model\slices\articlesPageSlice.ts
FN:15,(anonymous_0)
FN:19,(anonymous_1)
FN:40,(anonymous_2)
FN:44,(anonymous_3)
FN:48,(anonymous_4)
FN:51,(anonymous_5)
FN:54,(anonymous_6)
FN:57,(anonymous_7)
FN:60,(anonymous_8)
FN:69,(anonymous_9)
FN:71,(anonymous_10)
FN:79,(anonymous_11)
FN:90,(anonymous_12)
FNF:13
FNH:0
FNDA:0,(anonymous_0)
FNDA:0,(anonymous_1)
FNDA:0,(anonymous_2)
FNDA:0,(anonymous_3)
FNDA:0,(anonymous_4)
FNDA:0,(anonymous_5)
FNDA:0,(anonymous_6)
FNDA:0,(anonymous_7)
FNDA:0,(anonymous_8)
FNDA:0,(anonymous_9)
FNDA:0,(anonymous_10)
FNDA:0,(anonymous_11)
FNDA:0,(anonymous_12)
DA:14,1
DA:15,0
DA:18,1
DA:19,0
DA:22,1
DA:41,0
DA:42,0
DA:45,0
DA:49,0
DA:52,0
DA:55,0
DA:58,0
DA:61,0
DA:64,0
DA:65,0
DA:66,0
DA:70,0
DA:72,0
DA:73,0
DA:75,0
DA:76,0
DA:80,0
DA:82,0
DA:84,0
DA:85,0
DA:87,0
DA:91,0
DA:92,0
DA:97,1
LF:29
LH:4
BRDA:19,0,0,0
BRDA:19,0,1,0
BRDA:65,1,0,0
BRDA:65,1,1,0
BRDA:75,2,0,0
BRDA:75,2,1,0
BRDA:84,3,0,0
BRDA:84,3,1,0
BRF:8
BRH:0
end_of_record
TN:
SF:src\pages\ProfilePage\index.ts
FNF:0
FNH:0
LF:0
LH:0
BRF:0
BRH:0
end_of_record
TN:
SF:src\pages\ProfilePage\ui\ProfilePage.async.tsx
FN:4,(anonymous_0)
FN:5,(anonymous_1)
FN:7,(anonymous_2)
FNF:3
FNH:0
FNDA:0,(anonymous_0)
FNDA:0,(anonymous_1)
FNDA:0,(anonymous_2)
DA:3,1
DA:5,0
DA:7,0
LF:3
LH:1
BRF:0
BRH:0
end_of_record
TN:
SF:src\shared\api\api.ts
FNF:0
FNH:0
DA:4,3
LF:1
LH:1
BRDA:7,0,0,3
BRDA:7,0,1,3
BRF:2
BRH:2
end_of_record
TN:
SF:src\shared\api\rtkApi.ts
FN:9,(anonymous_0)
FN:17,(anonymous_1)
FNF:2
FNH:1
FNDA:0,(anonymous_0)
FNDA:3,(anonymous_1)
DA:5,3
DA:10,0
DA:11,0
DA:12,0
DA:14,0
DA:17,3
LF:6
LH:2
BRDA:10,0,0,0
BRDA:10,0,1,0
BRDA:11,1,0,0
BRDA:11,1,1,0
BRF:4
BRH:0
end_of_record
TN:
SF:src\shared\config\i18n\i18nForTests.ts
FNF:0
FNH:0
DA:4,3
LF:1
LH:1
BRF:0
BRH:0
end_of_record
TN:
SF:src\shared\const\localstorage.ts
FNF:0
FNH:0
DA:1,6
DA:3,6
LF:2
LH:2
BRF:0
BRH:0
end_of_record
TN:
SF:src\shared\const\router.ts
FN:14,(anonymous_0)
FN:15,(anonymous_1)
FN:16,(anonymous_2)
FN:17,(anonymous_3)
FN:18,(anonymous_4)
FN:19,(anonymous_5)
FN:20,(anonymous_6)
FN:21,(anonymous_7)
FN:22,(anonymous_8)
FNF:9
FNH:2
FNDA:1,(anonymous_0)
FNDA:1,(anonymous_1)
FNDA:0,(anonymous_2)
FNDA:0,(anonymous_3)
FNDA:0,(anonymous_4)
FNDA:0,(anonymous_5)
FNDA:0,(anonymous_6)
FNDA:0,(anonymous_7)
FNDA:0,(anonymous_8)
DA:14,3
DA:15,3
DA:16,3
DA:17,3
DA:18,3
DA:19,3
DA:20,3
DA:21,3
DA:22,3
LF:9
LH:9
BRF:0
BRH:0
end_of_record
TN:
SF:src\shared\lib\classNames\classNames.ts
FN:3,classNames
FN:12,(anonymous_1)
FN:13,(anonymous_2)
FNF:3
FNH:3
FNDA:544,classNames
FNDA:437,(anonymous_1)
FNDA:302,(anonymous_2)
DA:8,544
DA:12,437
DA:13,302
LF:3
LH:3
BRDA:5,0,0,1
BRDA:6,1,0,7
BRF:2
BRH:2
end_of_record
TN:
SF:src\shared\lib\components\DynamicModuleLoader\DynamicModuleLoader.tsx
FN:20,(anonymous_0)
FN:26,(anonymous_1)
FN:28,(anonymous_2)
FN:37,(anonymous_3)
FN:39,(anonymous_4)
FNF:5
FNH:5
FNDA:41,(anonymous_0)
FNDA:4,(anonymous_1)
FNDA:4,(anonymous_2)
FNDA:4,(anonymous_3)
FNDA:4,(anonymous_4)
DA:20,3
DA:21,41
DA:23,40
DA:24,40
DA:26,40
DA:27,4
DA:28,4
DA:29,4
DA:31,4
DA:32,4
DA:33,4
DA:37,4
DA:38,4
DA:39,4
DA:40,4
DA:41,4
DA:47,40
LF:17
LH:17
BRDA:21,0,0,40
BRDA:31,1,0,4
BRDA:31,1,1,0
BRDA:38,2,0,4
BRDA:38,2,1,0
BRF:5
BRH:3
end_of_record
TN:
SF:src\shared\lib\hooks\useAppDispatch.ts
FN:4,(anonymous_0)
FNF:1
FNH:1
FNDA:80,(anonymous_0)
DA:4,80
LF:1
LH:1
BRF:0
BRH:0
end_of_record
TN:
SF:src\shared\lib\hooks\useInitialEffect.ts
FN:3,useInitialEffect
FN:4,(anonymous_1)
FNF:2
FNH:2
FNDA:40,useInitialEffect
FNDA:4,(anonymous_1)
DA:4,40
DA:5,4
DA:6,0
LF:3
LH:2
BRDA:5,0,0,0
BRDA:5,0,1,4
BRDA:5,1,0,4
BRDA:5,1,1,4
BRF:4
BRH:3
end_of_record
TN:
SF:src\shared\lib\tests\componentRender.tsx
FN:15,componentRender
FNF:1
FNH:1
FNDA:9,componentRender
DA:19,9
DA:20,9
LF:2
LH:2
BRDA:17,0,0,2
BRDA:19,1,0,9
BRF:2
BRH:2
end_of_record
TN:
SF:src\shared\lib\tests\testAsyncThunk.ts
FN:19,(anonymous_0)
FN:25,(anonymous_1)
FN:29,(anonymous_2)
FNF:3
FNH:3
FNDA:9,(anonymous_0)
FNDA:9,(anonymous_1)
FNDA:9,(anonymous_2)
DA:9,4
DA:10,4
DA:23,9
DA:24,9
DA:25,9
DA:27,9
DA:30,9
DA:31,9
DA:35,9
LF:9
LH:9
BRF:0
BRH:0
end_of_record
TN:
SF:src\shared\lib\url\addQueryParams.ts
FN:1,getQueryParams
FN:3,(anonymous_1)
FN:16,addQueryParams
FNF:3
FNH:2
FNDA:3,getQueryParams
FNDA:5,(anonymous_1)
FNDA:0,addQueryParams
DA:2,3
DA:3,3
DA:4,5
DA:5,4
DA:8,3
DA:17,0
LF:6
LH:5
BRDA:4,0,0,4
BRDA:4,0,1,1
BRF:2
BRH:2
end_of_record
TN:
SF:src\shared\ui\AppLink\AppLink.tsx
FN:16,(anonymous_0)
FNF:1
FNH:1
FNDA:6,(anonymous_0)
DA:16,3
DA:23,6
DA:25,6
LF:3
LH:3
BRDA:21,0,0,0
BRF:1
BRH:0
end_of_record
TN:
SF:src\shared\ui\Avatar\Avatar.tsx
FN:12,(anonymous_0)
FN:15,(anonymous_1)
FNF:2
FNH:2
FNDA:38,(anonymous_0)
FNDA:5,(anonymous_1)
DA:12,3
DA:13,38
DA:14,38
DA:15,38
DA:16,5
DA:22,38
LF:6
LH:6
BRDA:17,0,0,5
BRDA:17,0,1,5
BRDA:18,1,0,5
BRDA:18,1,1,5
BRF:4
BRH:4
end_of_record
TN:
SF:src\shared\ui\Button\Button.tsx
FN:27,(anonymous_0)
FNF:1
FNH:1
FNDA:42,(anonymous_0)
DA:27,13
DA:36,42
DA:38,41
DA:45,41
LF:4
LH:4
BRDA:30,0,0,18
BRDA:33,1,0,38
BRF:2
BRH:2
end_of_record
TN:
SF:src\shared\ui\Card\Card.tsx
FN:16,(anonymous_0)
FNF:1
FNH:0
FNDA:0,(anonymous_0)
DA:16,2
DA:23,0
DA:25,0
LF:3
LH:1
BRDA:20,0,0,0
BRF:1
BRH:0
end_of_record
TN:
SF:src\shared\ui\Code\Code.tsx
FN:12,(anonymous_0)
FN:15,(anonymous_1)
FNF:2
FNH:0
FNDA:0,(anonymous_0)
FNDA:0,(anonymous_1)
DA:12,2
DA:13,0
DA:15,0
DA:16,0
DA:19,0
LF:5
LH:1
BRF:0
BRH:0
end_of_record
TN:
SF:src\shared\ui\Input\Input.tsx
FN:18,(anonymous_0)
FN:30,(anonymous_1)
FN:35,(anonymous_2)
FN:37,(anonymous_3)
FNF:4
FNH:3
FNDA:78,(anonymous_0)
FNDA:28,(anonymous_1)
FNDA:25,(anonymous_2)
FNDA:0,(anonymous_3)
DA:18,1
DA:28,78
DA:30,78
DA:31,28
DA:33,78
DA:35,78
DA:36,25
DA:37,0
DA:41,78
DA:45,78
LF:10
LH:9
BRDA:23,0,0,78
BRDA:36,1,0,0
BRDA:36,1,1,25
BRDA:47,2,0,78
BRDA:47,2,1,78
BRF:5
BRH:4
end_of_record
TN:
SF:src\shared\ui\Loader\Loader.tsx
FN:8,(anonymous_0)
FNF:1
FNH:1
FNDA:2,(anonymous_0)
DA:8,1
DA:9,2
DA:11,2
LF:3
LH:3
BRF:0
BRH:0
end_of_record
TN:
SF:src\shared\ui\Popups\styles\consts.ts
FNF:0
FNH:0
DA:4,7
LF:1
LH:1
BRF:0
BRH:0
end_of_record
TN:
SF:src\shared\ui\Popups\ui\ListBox\ListBox.tsx
FN:28,ListBox
FN:56,(anonymous_1)
FN:63,(anonymous_2)
FNF:3
FNH:2
FNDA:11,ListBox
FNDA:40,(anonymous_1)
FNDA:0,(anonymous_2)
DA:38,11
DA:39,10
DA:40,10
DA:57,40
DA:64,0
LF:5
LH:4
BRDA:37,0,0,0
BRDA:42,1,0,10
BRDA:42,1,1,10
BRDA:51,2,0,10
BRDA:51,2,1,0
BRDA:70,3,0,0
BRDA:70,3,1,0
BRF:7
BRH:3
end_of_record
TN:
SF:src\shared\ui\Skeleton\Skeleton.tsx
FN:12,(anonymous_0)
FNF:1
FNH:0
FNDA:0,(anonymous_0)
DA:12,2
DA:13,0
DA:15,0
DA:21,0
LF:4
LH:1
BRF:0
BRH:0
end_of_record
TN:
SF:src\shared\ui\Stack\index.ts
FNF:0
FNH:0
LF:0
LH:0
BRF:0
BRH:0
end_of_record
TN:
SF:src\shared\ui\Stack\Flex\Flex.tsx
FN:47,(anonymous_0)
FNF:1
FNH:1
FNDA:207,(anonymous_0)
DA:10,10
DA:16,10
DA:21,10
DA:25,10
DA:47,10
DA:56,207
DA:58,206
DA:66,206
DA:70,206
LF:9
LH:9
BRDA:51,0,0,126
BRDA:52,1,0,125
BRDA:53,2,0,0
BRDA:63,3,0,206
BRDA:63,3,1,126
BRF:5
BRH:4
end_of_record
TN:
SF:src\shared\ui\Stack\HStack\HStack.tsx
FN:5,(anonymous_0)
FNF:1
FNH:1
FNDA:126,(anonymous_0)
DA:5,10
DA:6,126
LF:2
LH:2
BRF:0
BRH:0
end_of_record
TN:
SF:src\shared\ui\Stack\VStack\VStack.tsx
FN:5,(anonymous_0)
FNF:1
FNH:1
FNDA:82,(anonymous_0)
DA:5,10
DA:6,82
DA:7,81
LF:3
LH:3
BRDA:6,0,0,81
BRF:1
BRH:1
end_of_record
TN:
SF:src\shared\ui\Text\Text.tsx
FN:43,(anonymous_0)
FNF:1
FNH:1
FNDA:5,(anonymous_0)
DA:37,3
DA:43,3
DA:52,5
DA:54,5
DA:56,5
DA:62,5
LF:6
LH:6
BRDA:48,0,0,4
BRDA:49,1,0,5
BRDA:50,2,0,5
BRDA:51,3,0,4
BRDA:64,4,0,5
BRDA:64,4,1,4
BRDA:69,5,0,5
BRDA:69,5,1,1
BRF:8
BRH:8
end_of_record
TN:
SF:src\widgets\Sidebar\model\selectors\getSideBarItems.ts
FN:15,(anonymous_0)
FNF:1
FNH:1
FNDA:1,(anonymous_0)
DA:15,1
DA:16,1
DA:28,1
DA:29,0
DA:44,1
LF:5
LH:4
BRDA:28,0,0,0
BRDA:28,0,1,1
BRF:2
BRH:1
end_of_record
TN:
SF:src\widgets\Sidebar\ui\Sidebar\Sidebar.tsx
FN:16,(anonymous_0)
FN:21,(anonymous_1)
FN:22,(anonymous_2)
FN:26,(anonymous_3)
FN:27,(anonymous_4)
FNF:5
FNH:5
FNDA:3,(anonymous_0)
FNDA:1,(anonymous_1)
FNDA:1,(anonymous_2)
FNDA:3,(anonymous_3)
FNDA:6,(anonymous_4)
DA:16,1
DA:17,3
DA:18,3
DA:19,3
DA:21,3
DA:22,1
DA:25,3
DA:27,3
DA:28,6
DA:33,3
LF:10
LH:10
BRDA:48,0,0,1
BRDA:48,0,1,2
BRF:2
BRH:2
end_of_record
TN:
SF:src\widgets\Sidebar\ui\SidebarItem\SidebarItem.tsx
FN:15,(anonymous_0)
FNF:1
FNH:1
FNDA:6,(anonymous_0)
DA:15,1
DA:16,6
DA:17,6
DA:19,6
DA:21,6
DA:22,0
DA:24,6
LF:7
LH:6
BRDA:21,0,0,0
BRDA:21,0,1,6
BRDA:21,1,0,6
BRDA:21,1,1,0
BRF:4
BRH:2
end_of_record
